Change Component Designator: Old Designator=0.1uF New Designator=?
Change Component Designator: Old Designator=1 New Designator=?
Change Component Designator: Old Designator=1k New Designator=?
Change Component Designator: Old Designator=2 New Designator=?
Change Component Designator: Old Designator=3 New Designator=?
Change Component Designator: Old Designator=10k New Designator=?
Change Component Designator: Old Designator=10uF New Designator=?
Change Component Designator: Old Designator=47uF New Designator=?
Change Component Designator: Old Designator=220 New Designator=?
Change Component Designator: Old Designator=D1 New Designator=D?
Change Component Designator: Old Designator=DS1 New Designator=DS?
Change Component Designator: Old Designator=J1 New Designator=J?
Change Component Designator: Old Designator=J2 New Designator=J?
Change Component Designator: Old Designator=J3 New Designator=J?
Change Component Designator: Old Designator=J4 New Designator=J?
Change Component Designator: Old Designator=J5 New Designator=J?
Change Component Designator: Old Designator=Q1 New Designator=Q?
Change Component Designator: Old Designator=Q2 New Designator=Q?
Change Component Designator: Old Designator=R2 New Designator=R?
Change Component Designator: Old Designator=R4 New Designator=R?
Change Component Designator: Old Designator=R5 New Designator=R?
Change Component Designator: Old Designator=SW1 New Designator=SW?
Change Component Designator: Old Designator=U1 New Designator=U?
Change Component Designator: Old Designator=U2 New Designator=U?
Change Component Designator: Old Designator=VR2 New Designator=VR?
Change Component Designator: Old Designator=Y1 New Designator=Y?
