Added Component: Designator=2(RESA60-630X240)
Add component (AddParameter): Name = "Case\Package"; Value = "Axial"; VariantName = "[No Variations]"
Add component (AddParameter): Name = "ComponentLink1Description"; Value = "Manufacturer URL"; VariantName = "[No Variations]"
Add component (AddParameter): Name = "ComponentLink1URL"; Value = "http://www.yageo.com/"; VariantName = "[No Variations]"
Add component (AddParameter): Name = "ComponentLink2Description"; Value = "Datasheet"; VariantName = "[No Variations]"
Add component (AddParameter): Name = "ComponentLink2URL"; Value = "http://www.yageo.com/documents/recent/Yageo%20LR_MFR_2013.pdf"; VariantName = "[No Variations]"
Add component (AddParameter): Name = "DatasheetVersion"; Value = "Apr-13"; VariantName = "[No Variations]"
Add component (AddParameter): Name = "Length"; Value = "0.248 inch"; VariantName = "[No Variations]"
Add component (AddParameter): Name = "Max Operating Temperature"; Value = "155 degC"; VariantName = "[No Variations]"
Add component (AddParameter): Name = "Min Operating Temperature"; Value = "-55 degC"; VariantName = "[No Variations]"
Add component (AddParameter): Name = "Mount"; Value = "Through Hole"; VariantName = "[No Variations]"
Add component (AddParameter): Name = "Package Quantity"; Value = "200"; VariantName = "[No Variations]"
Add component (AddParameter): Name = "PackageDescription"; Value = "2-Pin Axial Lead, Dia 2.4 mm, Body Length 6.3 mm"; VariantName = "[No Variations]"
Add component (AddParameter): Name = "PackageReference"; Value = "MFR-25"; VariantName = "[No Variations]"
Add component (AddParameter): Name = "Packaging"; Value = "Bulk"; VariantName = "[No Variations]"
Add component (AddParameter): Name = "Power Rating"; Value = "250 mW"; VariantName = "[No Variations]"
Add component (AddParameter): Name = "Resistance"; Value = "475 Ohm"; VariantName = "[No Variations]"
Add component (AddParameter): Name = "RoHSCompliant"; Value = "true"; VariantName = "[No Variations]"
Add component (AddParameter): Name = "Tolerance"; Value = "1%"; VariantName = "[No Variations]"
Add component (AddParameter): Name = "Voltage Rating"; Value = "250 V"; VariantName = "[No Variations]"
Added Component: Designator=5(RESA60-630X240)
Add component (AddParameter): Name = "Case\Package"; Value = "Axial"; VariantName = "[No Variations]"
Add component (AddParameter): Name = "ComponentLink1Description"; Value = "Manufacturer URL"; VariantName = "[No Variations]"
Add component (AddParameter): Name = "ComponentLink1URL"; Value = "http://www.yageo.com/"; VariantName = "[No Variations]"
Add component (AddParameter): Name = "ComponentLink2Description"; Value = "Datasheet"; VariantName = "[No Variations]"
Add component (AddParameter): Name = "ComponentLink2URL"; Value = "http://www.yageo.com/documents/recent/Yageo%20LR_MFR_2013.pdf"; VariantName = "[No Variations]"
Add component (AddParameter): Name = "DatasheetVersion"; Value = "Apr-13"; VariantName = "[No Variations]"
Add component (AddParameter): Name = "Length"; Value = "0.248 inch"; VariantName = "[No Variations]"
Add component (AddParameter): Name = "Max Operating Temperature"; Value = "155 degC"; VariantName = "[No Variations]"
Add component (AddParameter): Name = "Min Operating Temperature"; Value = "-55 degC"; VariantName = "[No Variations]"
Add component (AddParameter): Name = "Mount"; Value = "Through Hole"; VariantName = "[No Variations]"
Add component (AddParameter): Name = "Package Quantity"; Value = "200"; VariantName = "[No Variations]"
Add component (AddParameter): Name = "PackageDescription"; Value = "2-Pin Axial Lead, Dia 2.4 mm, Body Length 6.3 mm"; VariantName = "[No Variations]"
Add component (AddParameter): Name = "PackageReference"; Value = "MFR-25"; VariantName = "[No Variations]"
Add component (AddParameter): Name = "Packaging"; Value = "Bulk"; VariantName = "[No Variations]"
Add component (AddParameter): Name = "Power Rating"; Value = "250 mW"; VariantName = "[No Variations]"
Add component (AddParameter): Name = "Resistance"; Value = "475 Ohm"; VariantName = "[No Variations]"
Add component (AddParameter): Name = "RoHSCompliant"; Value = "true"; VariantName = "[No Variations]"
Add component (AddParameter): Name = "Tolerance"; Value = "1%"; VariantName = "[No Variations]"
Add component (AddParameter): Name = "Voltage Rating"; Value = "250 V"; VariantName = "[No Variations]"
Added Component: Designator=6(RESA60-630X240)
Add component (AddParameter): Name = "Case\Package"; Value = "Axial"; VariantName = "[No Variations]"
Add component (AddParameter): Name = "ComponentLink1Description"; Value = "Manufacturer URL"; VariantName = "[No Variations]"
Add component (AddParameter): Name = "ComponentLink1URL"; Value = "http://www.yageo.com/"; VariantName = "[No Variations]"
Add component (AddParameter): Name = "ComponentLink2Description"; Value = "Datasheet"; VariantName = "[No Variations]"
Add component (AddParameter): Name = "ComponentLink2URL"; Value = "http://www.yageo.com/documents/recent/Yageo%20LR_MFR_2013.pdf"; VariantName = "[No Variations]"
Add component (AddParameter): Name = "DatasheetVersion"; Value = "Apr-13"; VariantName = "[No Variations]"
Add component (AddParameter): Name = "Length"; Value = "0.248 inch"; VariantName = "[No Variations]"
Add component (AddParameter): Name = "Max Operating Temperature"; Value = "155 degC"; VariantName = "[No Variations]"
Add component (AddParameter): Name = "Min Operating Temperature"; Value = "-55 degC"; VariantName = "[No Variations]"
Add component (AddParameter): Name = "Mount"; Value = "Through Hole"; VariantName = "[No Variations]"
Add component (AddParameter): Name = "Package Quantity"; Value = "200"; VariantName = "[No Variations]"
Add component (AddParameter): Name = "PackageDescription"; Value = "2-Pin Axial Lead, Dia 2.4 mm, Body Length 6.3 mm"; VariantName = "[No Variations]"
Add component (AddParameter): Name = "PackageReference"; Value = "MFR-25"; VariantName = "[No Variations]"
Add component (AddParameter): Name = "Packaging"; Value = "Bulk"; VariantName = "[No Variations]"
Add component (AddParameter): Name = "Power Rating"; Value = "250 mW"; VariantName = "[No Variations]"
Add component (AddParameter): Name = "Resistance"; Value = "475 Ohm"; VariantName = "[No Variations]"
Add component (AddParameter): Name = "RoHSCompliant"; Value = "true"; VariantName = "[No Variations]"
Add component (AddParameter): Name = "Tolerance"; Value = "1%"; VariantName = "[No Variations]"
Add component (AddParameter): Name = "Voltage Rating"; Value = "250 V"; VariantName = "[No Variations]"
Added Component: Designator=7(RESA60-630X240)
Add component (AddParameter): Name = "Case\Package"; Value = "Axial"; VariantName = "[No Variations]"
Add component (AddParameter): Name = "ComponentLink1Description"; Value = "Manufacturer URL"; VariantName = "[No Variations]"
Add component (AddParameter): Name = "ComponentLink1URL"; Value = "http://www.yageo.com/"; VariantName = "[No Variations]"
Add component (AddParameter): Name = "ComponentLink2Description"; Value = "Datasheet"; VariantName = "[No Variations]"
Add component (AddParameter): Name = "ComponentLink2URL"; Value = "http://www.yageo.com/documents/recent/Yageo%20LR_MFR_2013.pdf"; VariantName = "[No Variations]"
Add component (AddParameter): Name = "DatasheetVersion"; Value = "Apr-13"; VariantName = "[No Variations]"
Add component (AddParameter): Name = "Length"; Value = "0.248 inch"; VariantName = "[No Variations]"
Add component (AddParameter): Name = "Max Operating Temperature"; Value = "155 degC"; VariantName = "[No Variations]"
Add component (AddParameter): Name = "Min Operating Temperature"; Value = "-55 degC"; VariantName = "[No Variations]"
Add component (AddParameter): Name = "Mount"; Value = "Through Hole"; VariantName = "[No Variations]"
Add component (AddParameter): Name = "Package Quantity"; Value = "200"; VariantName = "[No Variations]"
Add component (AddParameter): Name = "PackageDescription"; Value = "2-Pin Axial Lead, Dia 2.4 mm, Body Length 6.3 mm"; VariantName = "[No Variations]"
Add component (AddParameter): Name = "PackageReference"; Value = "MFR-25"; VariantName = "[No Variations]"
Add component (AddParameter): Name = "Packaging"; Value = "Bulk"; VariantName = "[No Variations]"
Add component (AddParameter): Name = "Power Rating"; Value = "250 mW"; VariantName = "[No Variations]"
Add component (AddParameter): Name = "Resistance"; Value = "475 Ohm"; VariantName = "[No Variations]"
Add component (AddParameter): Name = "RoHSCompliant"; Value = "true"; VariantName = "[No Variations]"
Add component (AddParameter): Name = "Tolerance"; Value = "1%"; VariantName = "[No Variations]"
Add component (AddParameter): Name = "Voltage Rating"; Value = "250 V"; VariantName = "[No Variations]"
Added Component: Designator=9(KEMT-C315-THT-2)
Add component (AddParameter): Name = "Case\Package"; Value = "TO-220"; VariantName = "[No Variations]"
Add component (AddParameter): Name = "ComponentLink1Description"; Value = "Manufacturer URL"; VariantName = "[No Variations]"
Add component (AddParameter): Name = "ComponentLink1URL"; Value = "http://www.kemet.com/"; VariantName = "[No Variations]"
Add component (AddParameter): Name = "ComponentLink2Description"; Value = "Datasheet"; VariantName = "[No Variations]"
Add component (AddParameter): Name = "ComponentLink2URL"; Value = "http://capacitoredge.kemet.com/capedge2/DataSheet/Datasheet-C315C220K1G5TA.pdf?pn=C315C220K1G5TA{BULK}"; VariantName = "[No Variations]"
Add component (AddParameter): Name = "DatasheetVersion"; Value = "Aug-16"; VariantName = "[No Variations]"
Add component (AddParameter): Name = "Height"; Value = "9.28 mm"; VariantName = "[No Variations]"
Add component (AddParameter): Name = "Length"; Value = "10.28 mm"; VariantName = "[No Variations]"
Add component (AddParameter): Name = "Max Input Voltage"; Value = "40 V"; VariantName = "[No Variations]"
Add component (AddParameter): Name = "Max Operating Temperature"; Value = "125 degC"; VariantName = "[No Variations]"
Add component (AddParameter): Name = "Max Ouput Current"; Value = "1.5 A"; VariantName = "[No Variations]"
Add component (AddParameter): Name = "Min Input Voltage"; Value = "4.2 V"; VariantName = "[No Variations]"
Add component (AddParameter): Name = "Min Operating Temperature"; Value = "0 degC"; VariantName = "[No Variations]"
Add component (AddParameter): Name = "Mount"; Value = "Through Hole"; VariantName = "[No Variations]"
Add component (AddParameter): Name = "Output Current"; Value = "1.5 A"; VariantName = "[No Variations]"
Add component (AddParameter): Name = "Output Voltage"; Value = "1.2 V"; VariantName = "[No Variations]"
Add component (AddParameter): Name = "Outputs"; Value = "1"; VariantName = "[No Variations]"
Add component (AddParameter): Name = "Package Quantity"; Value = "50"; VariantName = "[No Variations]"
Add component (AddParameter): Name = "PackageDescription"; Value = "2-Pin Through Hole Device, Body 3.81 x 2.54 mm"; VariantName = "[No Variations]"
Add component (AddParameter): Name = "PackageReference"; Value = "C315-THT-2"; VariantName = "[No Variations]"
Add component (AddParameter): Name = "Packaging"; Value = "Rail/Tube"; VariantName = "[No Variations]"
Add component (AddParameter): Name = "Pins"; Value = "3"; VariantName = "[No Variations]"
Add component (AddParameter): Name = "Radiation Hardening"; Value = "No"; VariantName = "[No Variations]"
Add component (AddParameter): Name = "REACH SVHC"; Value = "No SVHC"; VariantName = "[No Variations]"
Add component (AddParameter): Name = "RoHSCompliant"; Value = "true"; VariantName = "[No Variations]"
Add component (AddParameter): Name = "Weight"; Value = "0.08113 oz"; VariantName = "[No Variations]"
Add component (AddParameter): Name = "Width"; Value = "4.82 mm"; VariantName = "[No Variations]"
Added Component: Designator=10(RESA60-630X240)
Add component (AddParameter): Name = "Case\Package"; Value = "Axial"; VariantName = "[No Variations]"
Add component (AddParameter): Name = "ComponentLink1Description"; Value = "Manufacturer URL"; VariantName = "[No Variations]"
Add component (AddParameter): Name = "ComponentLink1URL"; Value = "http://www.yageo.com/"; VariantName = "[No Variations]"
Add component (AddParameter): Name = "ComponentLink2Description"; Value = "Datasheet"; VariantName = "[No Variations]"
Add component (AddParameter): Name = "ComponentLink2URL"; Value = "http://www.yageo.com/documents/recent/Yageo%20LR_MFR_2013.pdf"; VariantName = "[No Variations]"
Add component (AddParameter): Name = "DatasheetVersion"; Value = "Apr-13"; VariantName = "[No Variations]"
Add component (AddParameter): Name = "Length"; Value = "0.248 inch"; VariantName = "[No Variations]"
Add component (AddParameter): Name = "Max Operating Temperature"; Value = "155 degC"; VariantName = "[No Variations]"
Add component (AddParameter): Name = "Min Operating Temperature"; Value = "-55 degC"; VariantName = "[No Variations]"
Add component (AddParameter): Name = "Mount"; Value = "Through Hole"; VariantName = "[No Variations]"
Add component (AddParameter): Name = "Package Quantity"; Value = "200"; VariantName = "[No Variations]"
Add component (AddParameter): Name = "PackageDescription"; Value = "2-Pin Axial Lead, Dia 2.4 mm, Body Length 6.3 mm"; VariantName = "[No Variations]"
Add component (AddParameter): Name = "PackageReference"; Value = "MFR-25"; VariantName = "[No Variations]"
Add component (AddParameter): Name = "Packaging"; Value = "Bulk"; VariantName = "[No Variations]"
Add component (AddParameter): Name = "Power Rating"; Value = "250 mW"; VariantName = "[No Variations]"
Add component (AddParameter): Name = "Resistance"; Value = "475 Ohm"; VariantName = "[No Variations]"
Add component (AddParameter): Name = "RoHSCompliant"; Value = "true"; VariantName = "[No Variations]"
Add component (AddParameter): Name = "Tolerance"; Value = "1%"; VariantName = "[No Variations]"
Add component (AddParameter): Name = "Voltage Rating"; Value = "250 V"; VariantName = "[No Variations]"
Added Component: Designator=11(RESA60-630X240)
Add component (AddParameter): Name = "Case\Package"; Value = "Axial"; VariantName = "[No Variations]"
Add component (AddParameter): Name = "ComponentLink1Description"; Value = "Manufacturer URL"; VariantName = "[No Variations]"
Add component (AddParameter): Name = "ComponentLink1URL"; Value = "http://www.yageo.com/"; VariantName = "[No Variations]"
Add component (AddParameter): Name = "ComponentLink2Description"; Value = "Datasheet"; VariantName = "[No Variations]"
Add component (AddParameter): Name = "ComponentLink2URL"; Value = "http://www.yageo.com/documents/recent/Yageo%20LR_MFR_2013.pdf"; VariantName = "[No Variations]"
Add component (AddParameter): Name = "DatasheetVersion"; Value = "Apr-13"; VariantName = "[No Variations]"
Add component (AddParameter): Name = "Length"; Value = "0.248 inch"; VariantName = "[No Variations]"
Add component (AddParameter): Name = "Max Operating Temperature"; Value = "155 degC"; VariantName = "[No Variations]"
Add component (AddParameter): Name = "Min Operating Temperature"; Value = "-55 degC"; VariantName = "[No Variations]"
Add component (AddParameter): Name = "Mount"; Value = "Through Hole"; VariantName = "[No Variations]"
Add component (AddParameter): Name = "Package Quantity"; Value = "200"; VariantName = "[No Variations]"
Add component (AddParameter): Name = "PackageDescription"; Value = "2-Pin Axial Lead, Dia 2.4 mm, Body Length 6.3 mm"; VariantName = "[No Variations]"
Add component (AddParameter): Name = "PackageReference"; Value = "MFR-25"; VariantName = "[No Variations]"
Add component (AddParameter): Name = "Packaging"; Value = "Bulk"; VariantName = "[No Variations]"
Add component (AddParameter): Name = "Power Rating"; Value = "250 mW"; VariantName = "[No Variations]"
Add component (AddParameter): Name = "Resistance"; Value = "475 Ohm"; VariantName = "[No Variations]"
Add component (AddParameter): Name = "RoHSCompliant"; Value = "true"; VariantName = "[No Variations]"
Add component (AddParameter): Name = "Tolerance"; Value = "1%"; VariantName = "[No Variations]"
Add component (AddParameter): Name = "Voltage Rating"; Value = "250 V"; VariantName = "[No Variations]"
Added Component: Designator=12(KEMT-C315-THT-2)
Add component (AddParameter): Name = "Case\Package"; Value = "TO-220"; VariantName = "[No Variations]"
Add component (AddParameter): Name = "ComponentLink1Description"; Value = "Manufacturer URL"; VariantName = "[No Variations]"
Add component (AddParameter): Name = "ComponentLink1URL"; Value = "http://www.kemet.com/"; VariantName = "[No Variations]"
Add component (AddParameter): Name = "ComponentLink2Description"; Value = "Datasheet"; VariantName = "[No Variations]"
Add component (AddParameter): Name = "ComponentLink2URL"; Value = "http://capacitoredge.kemet.com/capedge2/DataSheet/Datasheet-C315C220K1G5TA.pdf?pn=C315C220K1G5TA{BULK}"; VariantName = "[No Variations]"
Add component (AddParameter): Name = "DatasheetVersion"; Value = "Aug-16"; VariantName = "[No Variations]"
Add component (AddParameter): Name = "Height"; Value = "9.28 mm"; VariantName = "[No Variations]"
Add component (AddParameter): Name = "Length"; Value = "10.28 mm"; VariantName = "[No Variations]"
Add component (AddParameter): Name = "Max Input Voltage"; Value = "40 V"; VariantName = "[No Variations]"
Add component (AddParameter): Name = "Max Operating Temperature"; Value = "125 degC"; VariantName = "[No Variations]"
Add component (AddParameter): Name = "Max Ouput Current"; Value = "1.5 A"; VariantName = "[No Variations]"
Add component (AddParameter): Name = "Min Input Voltage"; Value = "4.2 V"; VariantName = "[No Variations]"
Add component (AddParameter): Name = "Min Operating Temperature"; Value = "0 degC"; VariantName = "[No Variations]"
Add component (AddParameter): Name = "Mount"; Value = "Through Hole"; VariantName = "[No Variations]"
Add component (AddParameter): Name = "Output Current"; Value = "1.5 A"; VariantName = "[No Variations]"
Add component (AddParameter): Name = "Output Voltage"; Value = "1.2 V"; VariantName = "[No Variations]"
Add component (AddParameter): Name = "Outputs"; Value = "1"; VariantName = "[No Variations]"
Add component (AddParameter): Name = "Package Quantity"; Value = "50"; VariantName = "[No Variations]"
Add component (AddParameter): Name = "PackageDescription"; Value = "2-Pin Through Hole Device, Body 3.81 x 2.54 mm"; VariantName = "[No Variations]"
Add component (AddParameter): Name = "PackageReference"; Value = "C315-THT-2"; VariantName = "[No Variations]"
Add component (AddParameter): Name = "Packaging"; Value = "Rail/Tube"; VariantName = "[No Variations]"
Add component (AddParameter): Name = "Pins"; Value = "3"; VariantName = "[No Variations]"
Add component (AddParameter): Name = "Radiation Hardening"; Value = "No"; VariantName = "[No Variations]"
Add component (AddParameter): Name = "REACH SVHC"; Value = "No SVHC"; VariantName = "[No Variations]"
Add component (AddParameter): Name = "RoHSCompliant"; Value = "true"; VariantName = "[No Variations]"
Add component (AddParameter): Name = "Weight"; Value = "0.08113 oz"; VariantName = "[No Variations]"
Add component (AddParameter): Name = "Width"; Value = "4.82 mm"; VariantName = "[No Variations]"
Added Component: Designator=C1(RB7.6-15)
Add component (AddParameter): Name = "LatestRevisionDate"; Value = "17-Jul-2002"; VariantName = "[No Variations]"
Add component (AddParameter): Name = "LatestRevisionNote"; Value = "Re-released for DXP Platform."; VariantName = "[No Variations]"
Add component (AddParameter): Name = "PackageDescription"; Value = "Polarized Capacitor (Radial); 2 Leads"; VariantName = "[No Variations]"
Add component (AddParameter): Name = "PackageReference"; Value = "RB7.6-15"; VariantName = "[No Variations]"
Add component (AddParameter): Name = "Published"; Value = "8-Jun-2000"; VariantName = "[No Variations]"
Add component (AddParameter): Name = "Publisher"; Value = "Altium Limited"; VariantName = "[No Variations]"
Add component (AddParameter): Name = "Value"; Value = "330nf"; VariantName = "[No Variations]"
Added Component: Designator=C3(RB7.6-15)
Add component (AddParameter): Name = "LatestRevisionDate"; Value = "17-Jul-2002"; VariantName = "[No Variations]"
Add component (AddParameter): Name = "LatestRevisionNote"; Value = "Re-released for DXP Platform."; VariantName = "[No Variations]"
Add component (AddParameter): Name = "PackageDescription"; Value = "Polarized Capacitor (Radial); 2 Leads"; VariantName = "[No Variations]"
Add component (AddParameter): Name = "PackageReference"; Value = "RB7.6-15"; VariantName = "[No Variations]"
Add component (AddParameter): Name = "Published"; Value = "8-Jun-2000"; VariantName = "[No Variations]"
Add component (AddParameter): Name = "Publisher"; Value = "Altium Limited"; VariantName = "[No Variations]"
Add component (AddParameter): Name = "Value"; Value = "100nF"; VariantName = "[No Variations]"
Added Component: Designator=C4(RB7.6-15)
Add component (AddParameter): Name = "LatestRevisionDate"; Value = "17-Jul-2002"; VariantName = "[No Variations]"
Add component (AddParameter): Name = "LatestRevisionNote"; Value = "Re-released for DXP Platform."; VariantName = "[No Variations]"
Add component (AddParameter): Name = "PackageDescription"; Value = "Polarized Capacitor (Radial); 2 Leads"; VariantName = "[No Variations]"
Add component (AddParameter): Name = "PackageReference"; Value = "RB7.6-15"; VariantName = "[No Variations]"
Add component (AddParameter): Name = "Published"; Value = "8-Jun-2000"; VariantName = "[No Variations]"
Add component (AddParameter): Name = "Publisher"; Value = "Altium Limited"; VariantName = "[No Variations]"
Add component (AddParameter): Name = "Value"; Value = "10uF"; VariantName = "[No Variations]"
Added Component: Designator=D1(ONSC-AXIAL_LEAD-2-59-10_P)
Add component (AddParameter): Name = "ComponentLink1Description"; Value = "Manufacturer URL"; VariantName = "[No Variations]"
Add component (AddParameter): Name = "ComponentLink1URL"; Value = "http://www.onsemi.com/"; VariantName = "[No Variations]"
Add component (AddParameter): Name = "ComponentLink2Description"; Value = "Datasheet"; VariantName = "[No Variations]"
Add component (AddParameter): Name = "ComponentLink2URL"; Value = "http://www.onsemi.com/pub_link/Collateral/1N4001-D.PDF"; VariantName = "[No Variations]"
Add component (AddParameter): Name = "ComponentLink3Description"; Value = "Package Specification"; VariantName = "[No Variations]"
Add component (AddParameter): Name = "ComponentLink3URL"; Value = "http://www.onsemi.cn/pub_link/Collateral/59-10.PDF"; VariantName = "[No Variations]"
Add component (AddParameter): Name = "DatasheetVersion"; Value = "Rev. 13"; VariantName = "[No Variations]"
Add component (AddParameter): Name = "IFSM Max (A)"; Value = "30"; VariantName = "[No Variations]"
Add component (AddParameter): Name = "IO(rec) Max (A)"; Value = "1"; VariantName = "[No Variations]"
Add component (AddParameter): Name = "Manufacturer"; Value = "On Semiconductor"; VariantName = "[No Variations]"
Add component (AddParameter): Name = "Mounting Technology"; Value = "Through Hole"; VariantName = "[No Variations]"
Add component (AddParameter): Name = "PackageDescription"; Value = "2-Pin, Axial Lead, Diameter 2.35 mm"; VariantName = "[No Variations]"
Add component (AddParameter): Name = "PackageReference"; Value = "AXIAL_LEAD-2-59-10"; VariantName = "[No Variations]"
Add component (AddParameter): Name = "PackageVersion"; Value = "Rev. U, 02/2005"; VariantName = "[No Variations]"
Add component (AddParameter): Name = "Packing"; Value = "Bulk Bag"; VariantName = "[No Variations]"
Add component (AddParameter): Name = "PartNumber"; Value = "1N4001"; VariantName = "[No Variations]"
Add component (AddParameter): Name = "RoHS"; Value = "TRUE"; VariantName = "[No Variations]"
Add component (AddParameter): Name = "Type"; Value = "Standard Recovery"; VariantName = "[No Variations]"
Add component (AddParameter): Name = "VRRM Max (V)"; Value = "50"; VariantName = "[No Variations]"
Added Component: Designator=DS1(AVAG-HLMP-4740)
Add component (AddParameter): Name = "Category"; Value = "LEDs"; VariantName = "[No Variations]"
Add component (AddParameter): Name = "Color"; Value = "Green"; VariantName = "[No Variations]"
Add component (AddParameter): Name = "Datasheet URL"; Value = "http://docs.avagotech.com/docs/AV02-1557EN"; VariantName = "[No Variations]"
Add component (AddParameter): Name = "Datasheet Version"; Value = "07/2014"; VariantName = "[No Variations]"
Add component (AddParameter): Name = "Dominant Wavelength/Color Temperature"; Value = "569nm"; VariantName = "[No Variations]"
Add component (AddParameter): Name = "Intensity"; Value = "2.3mcd"; VariantName = "[No Variations]"
Add component (AddParameter): Name = "Lens Appearance"; Value = "ColoredDiffused"; VariantName = "[No Variations]"
Add component (AddParameter): Name = "Lens Shape Type"; Value = "Circular"; VariantName = "[No Variations]"
Add component (AddParameter): Name = "Manufacturer"; Value = "AvagoTechnologies"; VariantName = "[No Variations]"
Add component (AddParameter): Name = "Manufacturer URL"; Value = "http://www.avagotech.com/"; VariantName = "[No Variations]"
Add component (AddParameter): Name = "Mounting"; Value = "ThroughHole"; VariantName = "[No Variations]"
Add component (AddParameter): Name = "Mounting Orientation"; Value = "TopMount"; VariantName = "[No Variations]"
Add component (AddParameter): Name = "Mounting Technology"; Value = "ThroughHole"; VariantName = "[No Variations]"
Add component (AddParameter): Name = "Number of LEDs"; Value = "1"; VariantName = "[No Variations]"
Add component (AddParameter): Name = "Package"; Value = "2T-13/4"; VariantName = "[No Variations]"
Add component (AddParameter): Name = "Package Description"; Value = "2-Pin Through Hole Device, Dia 5.845 mm, Pitch 2.54 mm"; VariantName = "[No Variations]"
Add component (AddParameter): Name = "Package Reference"; Value = "HLMP-4740"; VariantName = "[No Variations]"
Add component (AddParameter): Name = "Packaging"; Value = "Bulk"; VariantName = "[No Variations]"
Add component (AddParameter): Name = "Peak Wavelength"; Value = "565nm"; VariantName = "[No Variations]"
Add component (AddParameter): Name = "Pin Count"; Value = "2"; VariantName = "[No Variations]"
Add component (AddParameter): Name = "Rad Hard"; Value = "No"; VariantName = "[No Variations]"
Add component (AddParameter): Name = "Type"; Value = "Uni-Color"; VariantName = "[No Variations]"
Add component (AddParameter): Name = "Viewing Angle"; Value = "50°"; VariantName = "[No Variations]"
Added Component: Designator=J1(JST-B2B-PH-K-S_V)
Add component (AddParameter): Name = "Datasheet URL"; Value = "http://datasheet.octopart.com/B2B-PH-K-S%28LF%29%28SN%29-JST-datasheet-8324864.pdf"; VariantName = "[No Variations]"
Add component (AddParameter): Name = "Datasheet Version"; Value = "Nov-08"; VariantName = "[No Variations]"
Add component (AddParameter): Name = "Manufacturer"; Value = "JST"; VariantName = "[No Variations]"
Add component (AddParameter): Name = "Manufacturer URL"; Value = "http://www.jst.com/home2.html"; VariantName = "[No Variations]"
Add component (AddParameter): Name = "No of Positions"; Value = "2"; VariantName = "[No Variations]"
Add component (AddParameter): Name = "Pitch"; Value = "2mm"; VariantName = "[No Variations]"
Add component (AddParameter): Name = "Style/Orientation"; Value = "StraightHeader/Plug"; VariantName = "[No Variations]"
Add component (AddParameter): Name = "Termination"; Value = "Crimp"; VariantName = "[No Variations]"
Add component (AddParameter): Name = "Type"; Value = "ShroudedHeader"; VariantName = "[No Variations]"
Added Component: Designator=J2(FP-S8B-PH-K-S_LF_SN-MFG)
Add component (AddParameter): Name = "Color"; Value = "White"; VariantName = "[No Variations]"
Add component (AddParameter): Name = "Connector Type"; Value = "Header"; VariantName = "[No Variations]"
Add component (AddParameter): Name = "Contact Finish - Mating"; Value = "TIN"; VariantName = "[No Variations]"
Add component (AddParameter): Name = "Contact Material"; Value = "Brass"; VariantName = "[No Variations]"
Add component (AddParameter): Name = "Contact Mating Length"; Value = "0.13inch"; VariantName = "[No Variations]"
Add component (AddParameter): Name = "Contact Plating"; Value = "Tin"; VariantName = "[No Variations]"
Add component (AddParameter): Name = "Contact Resistance"; Value = "20mR"; VariantName = "[No Variations]"
Add component (AddParameter): Name = "Contact Shape"; Value = "Square"; VariantName = "[No Variations]"
Add component (AddParameter): Name = "Contact Type"; Value = "Male Pin"; VariantName = "[No Variations]"
Add component (AddParameter): Name = "Current Rating"; Value = "2A"; VariantName = "[No Variations]"
Add component (AddParameter): Name = "Depth"; Value = "7.6mm"; VariantName = "[No Variations]"
Add component (AddParameter): Name = "Fastening Type"; Value = "Detent"; VariantName = "[No Variations]"
Add component (AddParameter): Name = "Flammability Rating"; Value = "UL94 V-0"; VariantName = "[No Variations]"
Add component (AddParameter): Name = "Gender"; Value = "Male"; VariantName = "[No Variations]"
Add component (AddParameter): Name = "Height"; Value = "9.4mm"; VariantName = "[No Variations]"
Add component (AddParameter): Name = "Housing Color"; Value = "White"; VariantName = "[No Variations]"
Add component (AddParameter): Name = "Housing Material"; Value = "Polyamide"; VariantName = "[No Variations]"
Add component (AddParameter): Name = "Insulation Color"; Value = "Natural"; VariantName = "[No Variations]"
Add component (AddParameter): Name = "Insulation Material"; Value = "Nylon"; VariantName = "[No Variations]"
Add component (AddParameter): Name = "Insulation Resistance"; Value = "1GR"; VariantName = "[No Variations]"
Add component (AddParameter): Name = "Lead Free"; Value = "Lead Free"; VariantName = "[No Variations]"
Add component (AddParameter): Name = "Lead Pitch"; Value = "2mm"; VariantName = "[No Variations]"
Add component (AddParameter): Name = "Length"; Value = "17.9mm"; VariantName = "[No Variations]"
Add component (AddParameter): Name = "Max Current Rating"; Value = "2A"; VariantName = "[No Variations]"
Add component (AddParameter): Name = "Max Operating Temperature"; Value = "85°C"; VariantName = "[No Variations]"
Add component (AddParameter): Name = "Max Voltage Rating (AC)"; Value = "100V"; VariantName = "[No Variations]"
Add component (AddParameter): Name = "Min Operating Temperature"; Value = "-25°C"; VariantName = "[No Variations]"
Add component (AddParameter): Name = "Mount"; Value = "Through Hole"; VariantName = "[No Variations]"
Add component (AddParameter): Name = "Number of Contacts"; Value = "8"; VariantName = "[No Variations]"
Add component (AddParameter): Name = "Number of Pins"; Value = "8"; VariantName = "[No Variations]"
Add component (AddParameter): Name = "Number of Poles"; Value = "8"; VariantName = "[No Variations]"
Add component (AddParameter): Name = "Number of Positions"; Value = "8"; VariantName = "[No Variations]"
Add component (AddParameter): Name = "Number of Rows"; Value = "1"; VariantName = "[No Variations]"
Add component (AddParameter): Name = "Orientation"; Value = "Right Angle"; VariantName = "[No Variations]"
Add component (AddParameter): Name = "Packaging"; Value = "Bulk"; VariantName = "[No Variations]"
Add component (AddParameter): Name = "Pitch"; Value = "2mm"; VariantName = "[No Variations]"
Add component (AddParameter): Name = "REACH SVHC"; Value = "No SVHC"; VariantName = "[No Variations]"
Add component (AddParameter): Name = "Series"; Value = "PH"; VariantName = "[No Variations]"
Add component (AddParameter): Name = "Termination"; Value = "Solder"; VariantName = "[No Variations]"
Add component (AddParameter): Name = "Voltage Rating"; Value = "100V"; VariantName = "[No Variations]"
Add component (AddParameter): Name = "Voltage Rating (AC)"; Value = "100V"; VariantName = "[No Variations]"
Add component (AddParameter): Name = "Width"; Value = "4.5mm"; VariantName = "[No Variations]"
Add component (AddParameter): Name = "Working Voltage"; Value = "100V"; VariantName = "[No Variations]"
Added Component: Designator=J3(FP-S8B-PH-K-S_LF_SN-MFG)
Add component (AddParameter): Name = "Color"; Value = "White"; VariantName = "[No Variations]"
Add component (AddParameter): Name = "Connector Type"; Value = "Header"; VariantName = "[No Variations]"
Add component (AddParameter): Name = "Contact Finish - Mating"; Value = "TIN"; VariantName = "[No Variations]"
Add component (AddParameter): Name = "Contact Material"; Value = "Brass"; VariantName = "[No Variations]"
Add component (AddParameter): Name = "Contact Mating Length"; Value = "0.13inch"; VariantName = "[No Variations]"
Add component (AddParameter): Name = "Contact Plating"; Value = "Tin"; VariantName = "[No Variations]"
Add component (AddParameter): Name = "Contact Resistance"; Value = "20mR"; VariantName = "[No Variations]"
Add component (AddParameter): Name = "Contact Shape"; Value = "Square"; VariantName = "[No Variations]"
Add component (AddParameter): Name = "Contact Type"; Value = "Male Pin"; VariantName = "[No Variations]"
Add component (AddParameter): Name = "Current Rating"; Value = "2A"; VariantName = "[No Variations]"
Add component (AddParameter): Name = "Depth"; Value = "7.6mm"; VariantName = "[No Variations]"
Add component (AddParameter): Name = "Fastening Type"; Value = "Detent"; VariantName = "[No Variations]"
Add component (AddParameter): Name = "Flammability Rating"; Value = "UL94 V-0"; VariantName = "[No Variations]"
Add component (AddParameter): Name = "Gender"; Value = "Male"; VariantName = "[No Variations]"
Add component (AddParameter): Name = "Height"; Value = "9.4mm"; VariantName = "[No Variations]"
Add component (AddParameter): Name = "Housing Color"; Value = "White"; VariantName = "[No Variations]"
Add component (AddParameter): Name = "Housing Material"; Value = "Polyamide"; VariantName = "[No Variations]"
Add component (AddParameter): Name = "Insulation Color"; Value = "Natural"; VariantName = "[No Variations]"
Add component (AddParameter): Name = "Insulation Material"; Value = "Nylon"; VariantName = "[No Variations]"
Add component (AddParameter): Name = "Insulation Resistance"; Value = "1GR"; VariantName = "[No Variations]"
Add component (AddParameter): Name = "Lead Free"; Value = "Lead Free"; VariantName = "[No Variations]"
Add component (AddParameter): Name = "Lead Pitch"; Value = "2mm"; VariantName = "[No Variations]"
Add component (AddParameter): Name = "Length"; Value = "17.9mm"; VariantName = "[No Variations]"
Add component (AddParameter): Name = "Max Current Rating"; Value = "2A"; VariantName = "[No Variations]"
Add component (AddParameter): Name = "Max Operating Temperature"; Value = "85°C"; VariantName = "[No Variations]"
Add component (AddParameter): Name = "Max Voltage Rating (AC)"; Value = "100V"; VariantName = "[No Variations]"
Add component (AddParameter): Name = "Min Operating Temperature"; Value = "-25°C"; VariantName = "[No Variations]"
Add component (AddParameter): Name = "Mount"; Value = "Through Hole"; VariantName = "[No Variations]"
Add component (AddParameter): Name = "Number of Contacts"; Value = "8"; VariantName = "[No Variations]"
Add component (AddParameter): Name = "Number of Pins"; Value = "8"; VariantName = "[No Variations]"
Add component (AddParameter): Name = "Number of Poles"; Value = "8"; VariantName = "[No Variations]"
Add component (AddParameter): Name = "Number of Positions"; Value = "8"; VariantName = "[No Variations]"
Add component (AddParameter): Name = "Number of Rows"; Value = "1"; VariantName = "[No Variations]"
Add component (AddParameter): Name = "Orientation"; Value = "Right Angle"; VariantName = "[No Variations]"
Add component (AddParameter): Name = "Packaging"; Value = "Bulk"; VariantName = "[No Variations]"
Add component (AddParameter): Name = "Pitch"; Value = "2mm"; VariantName = "[No Variations]"
Add component (AddParameter): Name = "REACH SVHC"; Value = "No SVHC"; VariantName = "[No Variations]"
Add component (AddParameter): Name = "Series"; Value = "PH"; VariantName = "[No Variations]"
Add component (AddParameter): Name = "Termination"; Value = "Solder"; VariantName = "[No Variations]"
Add component (AddParameter): Name = "Voltage Rating"; Value = "100V"; VariantName = "[No Variations]"
Add component (AddParameter): Name = "Voltage Rating (AC)"; Value = "100V"; VariantName = "[No Variations]"
Add component (AddParameter): Name = "Width"; Value = "4.5mm"; VariantName = "[No Variations]"
Add component (AddParameter): Name = "Working Voltage"; Value = "100V"; VariantName = "[No Variations]"
Added Component: Designator=J4(FP-S8B-PH-K-S_LF_SN-MFG)
Add component (AddParameter): Name = "Color"; Value = "White"; VariantName = "[No Variations]"
Add component (AddParameter): Name = "Connector Type"; Value = "Header"; VariantName = "[No Variations]"
Add component (AddParameter): Name = "Contact Finish - Mating"; Value = "TIN"; VariantName = "[No Variations]"
Add component (AddParameter): Name = "Contact Material"; Value = "Brass"; VariantName = "[No Variations]"
Add component (AddParameter): Name = "Contact Mating Length"; Value = "0.13inch"; VariantName = "[No Variations]"
Add component (AddParameter): Name = "Contact Plating"; Value = "Tin"; VariantName = "[No Variations]"
Add component (AddParameter): Name = "Contact Resistance"; Value = "20mR"; VariantName = "[No Variations]"
Add component (AddParameter): Name = "Contact Shape"; Value = "Square"; VariantName = "[No Variations]"
Add component (AddParameter): Name = "Contact Type"; Value = "Male Pin"; VariantName = "[No Variations]"
Add component (AddParameter): Name = "Current Rating"; Value = "2A"; VariantName = "[No Variations]"
Add component (AddParameter): Name = "Depth"; Value = "7.6mm"; VariantName = "[No Variations]"
Add component (AddParameter): Name = "Fastening Type"; Value = "Detent"; VariantName = "[No Variations]"
Add component (AddParameter): Name = "Flammability Rating"; Value = "UL94 V-0"; VariantName = "[No Variations]"
Add component (AddParameter): Name = "Gender"; Value = "Male"; VariantName = "[No Variations]"
Add component (AddParameter): Name = "Height"; Value = "9.4mm"; VariantName = "[No Variations]"
Add component (AddParameter): Name = "Housing Color"; Value = "White"; VariantName = "[No Variations]"
Add component (AddParameter): Name = "Housing Material"; Value = "Polyamide"; VariantName = "[No Variations]"
Add component (AddParameter): Name = "Insulation Color"; Value = "Natural"; VariantName = "[No Variations]"
Add component (AddParameter): Name = "Insulation Material"; Value = "Nylon"; VariantName = "[No Variations]"
Add component (AddParameter): Name = "Insulation Resistance"; Value = "1GR"; VariantName = "[No Variations]"
Add component (AddParameter): Name = "Lead Free"; Value = "Lead Free"; VariantName = "[No Variations]"
Add component (AddParameter): Name = "Lead Pitch"; Value = "2mm"; VariantName = "[No Variations]"
Add component (AddParameter): Name = "Length"; Value = "17.9mm"; VariantName = "[No Variations]"
Add component (AddParameter): Name = "Max Current Rating"; Value = "2A"; VariantName = "[No Variations]"
Add component (AddParameter): Name = "Max Operating Temperature"; Value = "85°C"; VariantName = "[No Variations]"
Add component (AddParameter): Name = "Max Voltage Rating (AC)"; Value = "100V"; VariantName = "[No Variations]"
Add component (AddParameter): Name = "Min Operating Temperature"; Value = "-25°C"; VariantName = "[No Variations]"
Add component (AddParameter): Name = "Mount"; Value = "Through Hole"; VariantName = "[No Variations]"
Add component (AddParameter): Name = "Number of Contacts"; Value = "8"; VariantName = "[No Variations]"
Add component (AddParameter): Name = "Number of Pins"; Value = "8"; VariantName = "[No Variations]"
Add component (AddParameter): Name = "Number of Poles"; Value = "8"; VariantName = "[No Variations]"
Add component (AddParameter): Name = "Number of Positions"; Value = "8"; VariantName = "[No Variations]"
Add component (AddParameter): Name = "Number of Rows"; Value = "1"; VariantName = "[No Variations]"
Add component (AddParameter): Name = "Orientation"; Value = "Right Angle"; VariantName = "[No Variations]"
Add component (AddParameter): Name = "Packaging"; Value = "Bulk"; VariantName = "[No Variations]"
Add component (AddParameter): Name = "Pitch"; Value = "2mm"; VariantName = "[No Variations]"
Add component (AddParameter): Name = "REACH SVHC"; Value = "No SVHC"; VariantName = "[No Variations]"
Add component (AddParameter): Name = "Series"; Value = "PH"; VariantName = "[No Variations]"
Add component (AddParameter): Name = "Termination"; Value = "Solder"; VariantName = "[No Variations]"
Add component (AddParameter): Name = "Voltage Rating"; Value = "100V"; VariantName = "[No Variations]"
Add component (AddParameter): Name = "Voltage Rating (AC)"; Value = "100V"; VariantName = "[No Variations]"
Add component (AddParameter): Name = "Width"; Value = "4.5mm"; VariantName = "[No Variations]"
Add component (AddParameter): Name = "Working Voltage"; Value = "100V"; VariantName = "[No Variations]"
Added Component: Designator=J5(FP-S8B-PH-K-S_LF_SN-MFG)
Add component (AddParameter): Name = "Color"; Value = "White"; VariantName = "[No Variations]"
Add component (AddParameter): Name = "Connector Type"; Value = "Header"; VariantName = "[No Variations]"
Add component (AddParameter): Name = "Contact Finish - Mating"; Value = "TIN"; VariantName = "[No Variations]"
Add component (AddParameter): Name = "Contact Material"; Value = "Brass"; VariantName = "[No Variations]"
Add component (AddParameter): Name = "Contact Mating Length"; Value = "0.13inch"; VariantName = "[No Variations]"
Add component (AddParameter): Name = "Contact Plating"; Value = "Tin"; VariantName = "[No Variations]"
Add component (AddParameter): Name = "Contact Resistance"; Value = "20mR"; VariantName = "[No Variations]"
Add component (AddParameter): Name = "Contact Shape"; Value = "Square"; VariantName = "[No Variations]"
Add component (AddParameter): Name = "Contact Type"; Value = "Male Pin"; VariantName = "[No Variations]"
Add component (AddParameter): Name = "Current Rating"; Value = "2A"; VariantName = "[No Variations]"
Add component (AddParameter): Name = "Depth"; Value = "7.6mm"; VariantName = "[No Variations]"
Add component (AddParameter): Name = "Fastening Type"; Value = "Detent"; VariantName = "[No Variations]"
Add component (AddParameter): Name = "Flammability Rating"; Value = "UL94 V-0"; VariantName = "[No Variations]"
Add component (AddParameter): Name = "Gender"; Value = "Male"; VariantName = "[No Variations]"
Add component (AddParameter): Name = "Height"; Value = "9.4mm"; VariantName = "[No Variations]"
Add component (AddParameter): Name = "Housing Color"; Value = "White"; VariantName = "[No Variations]"
Add component (AddParameter): Name = "Housing Material"; Value = "Polyamide"; VariantName = "[No Variations]"
Add component (AddParameter): Name = "Insulation Color"; Value = "Natural"; VariantName = "[No Variations]"
Add component (AddParameter): Name = "Insulation Material"; Value = "Nylon"; VariantName = "[No Variations]"
Add component (AddParameter): Name = "Insulation Resistance"; Value = "1GR"; VariantName = "[No Variations]"
Add component (AddParameter): Name = "Lead Free"; Value = "Lead Free"; VariantName = "[No Variations]"
Add component (AddParameter): Name = "Lead Pitch"; Value = "2mm"; VariantName = "[No Variations]"
Add component (AddParameter): Name = "Length"; Value = "17.9mm"; VariantName = "[No Variations]"
Add component (AddParameter): Name = "Max Current Rating"; Value = "2A"; VariantName = "[No Variations]"
Add component (AddParameter): Name = "Max Operating Temperature"; Value = "85°C"; VariantName = "[No Variations]"
Add component (AddParameter): Name = "Max Voltage Rating (AC)"; Value = "100V"; VariantName = "[No Variations]"
Add component (AddParameter): Name = "Min Operating Temperature"; Value = "-25°C"; VariantName = "[No Variations]"
Add component (AddParameter): Name = "Mount"; Value = "Through Hole"; VariantName = "[No Variations]"
Add component (AddParameter): Name = "Number of Contacts"; Value = "8"; VariantName = "[No Variations]"
Add component (AddParameter): Name = "Number of Pins"; Value = "8"; VariantName = "[No Variations]"
Add component (AddParameter): Name = "Number of Poles"; Value = "8"; VariantName = "[No Variations]"
Add component (AddParameter): Name = "Number of Positions"; Value = "8"; VariantName = "[No Variations]"
Add component (AddParameter): Name = "Number of Rows"; Value = "1"; VariantName = "[No Variations]"
Add component (AddParameter): Name = "Orientation"; Value = "Right Angle"; VariantName = "[No Variations]"
Add component (AddParameter): Name = "Packaging"; Value = "Bulk"; VariantName = "[No Variations]"
Add component (AddParameter): Name = "Pitch"; Value = "2mm"; VariantName = "[No Variations]"
Add component (AddParameter): Name = "REACH SVHC"; Value = "No SVHC"; VariantName = "[No Variations]"
Add component (AddParameter): Name = "Series"; Value = "PH"; VariantName = "[No Variations]"
Add component (AddParameter): Name = "Termination"; Value = "Solder"; VariantName = "[No Variations]"
Add component (AddParameter): Name = "Voltage Rating"; Value = "100V"; VariantName = "[No Variations]"
Add component (AddParameter): Name = "Voltage Rating (AC)"; Value = "100V"; VariantName = "[No Variations]"
Add component (AddParameter): Name = "Width"; Value = "4.5mm"; VariantName = "[No Variations]"
Add component (AddParameter): Name = "Working Voltage"; Value = "100V"; VariantName = "[No Variations]"
Added Component: Designator=P1(61300611121)
Add component (AddParameter): Name = "Contact Resistance"; Value = "20mOhm"; VariantName = "[No Variations]"
Add component (AddParameter): Name = "Datasheet URL"; Value = "https://katalog.we-online.de/em/datasheet/6130xx11121.pdf"; VariantName = "[No Variations]"
Add component (AddParameter): Name = "Gender"; Value = "Male"; VariantName = "[No Variations]"
Add component (AddParameter): Name = "Manufacturer"; Value = "Wurth Elektronik"; VariantName = "[No Variations]"
Add component (AddParameter): Name = "Manufacturer URL"; Value = "http://www.we-online.de"; VariantName = "[No Variations]"
Add component (AddParameter): Name = "Mounting Technology"; Value = "THT"; VariantName = "[No Variations]"
Add component (AddParameter): Name = "Operating Temperature"; Value = "-40to105degC"; VariantName = "[No Variations]"
Add component (AddParameter): Name = "Orientation"; Value = "Vertical"; VariantName = "[No Variations]"
Add component (AddParameter): Name = "Package Reference"; Value = "61300611121"; VariantName = "[No Variations]"
Add component (AddParameter): Name = "Packaging"; Value = "Bag"; VariantName = "[No Variations]"
Add component (AddParameter): Name = "Part Number"; Value = "61300611121"; VariantName = "[No Variations]"
Add component (AddParameter): Name = "Pin Number"; Value = "6"; VariantName = "[No Variations]"
Add component (AddParameter): Name = "Pitch"; Value = "2.54mm"; VariantName = "[No Variations]"
Add component (AddParameter): Name = "Publisher"; Value = "WurthElektronik"; VariantName = "[No Variations]"
Add component (AddParameter): Name = "Rated Current"; Value = "3A"; VariantName = "[No Variations]"
Add component (AddParameter): Name = "Row Number"; Value = "Single"; VariantName = "[No Variations]"
Add component (AddParameter): Name = "Withstanding Voltage"; Value = "500VAC"; VariantName = "[No Variations]"
Add component (AddParameter): Name = "Working Voltage"; Value = "250VAC"; VariantName = "[No Variations]"
Added Component: Designator=Q1(FP-X15-0364-MFG)
Add component (AddParameter): Name = "Automotive"; Value = "No"; VariantName = "[No Variations]"
Add component (AddParameter): Name = "Category"; Value = "Trans"; VariantName = "[No Variations]"
Add component (AddParameter): Name = "ComponentLink2Description"; Value = "Datasheet"; VariantName = "[No Variations]"
Add component (AddParameter): Name = "ComponentLink2URL"; Value = "http://www.vishay.com/docs/91019/91019.pdf"; VariantName = "[No Variations]"
Add component (AddParameter): Name = "Continuous Drain Current"; Value = "14A"; VariantName = "[No Variations]"
Add component (AddParameter): Name = "Depletion Mode"; Value = "False"; VariantName = "[No Variations]"
Add component (AddParameter): Name = "Device Class L1"; Value = "Discrete Semiconductors"; VariantName = "[No Variations]"
Add component (AddParameter): Name = "Device Class L2"; Value = "Transistors"; VariantName = "[No Variations]"
Add component (AddParameter): Name = "Device Class L3"; Value = "MOSFETs"; VariantName = "[No Variations]"
Add component (AddParameter): Name = "Digikey Description"; Value = "MOSFET N-CH 100V 14A TO-220AB"; VariantName = "[No Variations]"
Add component (AddParameter): Name = "Drain To Source Breakdown Voltage"; Value = "100V"; VariantName = "[No Variations]"
Add component (AddParameter): Name = "Drain To Source Resistance"; Value = "0.16O"; VariantName = "[No Variations]"
Add component (AddParameter): Name = "Drain To Source Voltage"; Value = "100V"; VariantName = "[No Variations]"
Add component (AddParameter): Name = "Gate Charge At Vgs"; Value = "26nC @ 10V"; VariantName = "[No Variations]"
Add component (AddParameter): Name = "Gate To Source Voltage"; Value = "20V"; VariantName = "[No Variations]"
Add component (AddParameter): Name = "Height"; Value = "19.89mm"; VariantName = "[No Variations]"
Add component (AddParameter): Name = "Input Capacitace At Vds"; Value = "670pF @ 25V"; VariantName = "[No Variations]"
Add component (AddParameter): Name = "Lead Free"; Value = "Yes"; VariantName = "[No Variations]"
Add component (AddParameter): Name = "Manufacturer"; Value = "Vishay"; VariantName = "[No Variations]"
Add component (AddParameter): Name = "Manufacturer Part Number"; Value = "IRF530PBF"; VariantName = "[No Variations]"
Add component (AddParameter): Name = "Max Forward Diode Voltage"; Value = "2.5V"; VariantName = "[No Variations]"
Add component (AddParameter): Name = "Max Junction Temp"; Value = "+175°C"; VariantName = "[No Variations]"
Add component (AddParameter): Name = "Mouser Description"; Value = "MOSFET N-Chan 100V 14 Amp"; VariantName = "[No Variations]"
Add component (AddParameter): Name = "Number Of Channels"; Value = "1"; VariantName = "[No Variations]"
Add component (AddParameter): Name = "Number Of N Channels"; Value = "1"; VariantName = "[No Variations]"
Add component (AddParameter): Name = "Octopart"; Value = "https://octopart.com/irf530pbf-vishay-46547999"; VariantName = "[No Variations]"
Add component (AddParameter): Name = "Package"; Value = "X15-0364"; VariantName = "[No Variations]"
Add component (AddParameter): Name = "Power Dissipation"; Value = "88W"; VariantName = "[No Variations]"
Add component (AddParameter): Name = "Pulse Drain Current"; Value = "56A"; VariantName = "[No Variations]"
Add component (AddParameter): Name = "Reverse Recovery Charge"; Value = "850nC"; VariantName = "[No Variations]"
Add component (AddParameter): Name = "Reverse Recovery Time"; Value = "150ns"; VariantName = "[No Variations]"
Add component (AddParameter): Name = "RoHS"; Value = "TRUE"; VariantName = "[No Variations]"
Add component (AddParameter): Name = "Rthja Max"; Value = "62°C/W"; VariantName = "[No Variations]"
Add component (AddParameter): Name = "Standoff Height"; Value = "3.33mm"; VariantName = "[No Variations]"
Add component (AddParameter): Name = "Temperature"; Value = "-55°C to +175°C"; VariantName = "[No Variations]"
Add component (AddParameter): Name = "Temperature Range High"; Value = "+175°C"; VariantName = "[No Variations]"
Add component (AddParameter): Name = "Temperature Range Low"; Value = "-55°C"; VariantName = "[No Variations]"
Add component (AddParameter): Name = "Threshold Vgs Max"; Value = "4V"; VariantName = "[No Variations]"
Add component (AddParameter): Name = "Threshold Vgs Min"; Value = "2V"; VariantName = "[No Variations]"
Add component (AddParameter): Name = "Turn Off Delay Time"; Value = "23ns"; VariantName = "[No Variations]"
Add component (AddParameter): Name = "Turn On Delay Time"; Value = "10ns"; VariantName = "[No Variations]"
Added Component: Designator=Q2(ONSC-TO-92-3-29-11)
Add component (AddParameter): Name = "ComponentLink1Description"; Value = "Manufacturer URL"; VariantName = "[No Variations]"
Add component (AddParameter): Name = "ComponentLink1URL"; Value = "http://www.onsemi.com/"; VariantName = "[No Variations]"
Add component (AddParameter): Name = "ComponentLink2Description"; Value = "Datasheet"; VariantName = "[No Variations]"
Add component (AddParameter): Name = "ComponentLink2URL"; Value = "http://www.onsemi.com/pub_link/Collateral/BC546-D.PDF"; VariantName = "[No Variations]"
Add component (AddParameter): Name = "ComponentLink3Description"; Value = "Package Specification"; VariantName = "[No Variations]"
Add component (AddParameter): Name = "ComponentLink3URL"; Value = "http://www.onsemi.cn/pub_link/Collateral/2N6426-D.PDF"; VariantName = "[No Variations]"
Add component (AddParameter): Name = "DatasheetVersion"; Value = "Rev. 7"; VariantName = "[No Variations]"
Add component (AddParameter): Name = "fT Min (MHz)"; Value = "150"; VariantName = "[No Variations]"
Add component (AddParameter): Name = "IC Continuous (A)"; Value = "0.1"; VariantName = "[No Variations]"
Add component (AddParameter): Name = "Manufacturer"; Value = "On Semiconductor"; VariantName = "[No Variations]"
Add component (AddParameter): Name = "Mounting Technology"; Value = "Through Hole"; VariantName = "[No Variations]"
Add component (AddParameter): Name = "PackageDescription"; Value = "3-Pin Transistor Outline, Body 4.825 x 3.685 mm, Pitch 1.27 mm"; VariantName = "[No Variations]"
Add component (AddParameter): Name = "PackageReference"; Value = "TO-92-3-29-11_AM_SL"; VariantName = "[No Variations]"
Add component (AddParameter): Name = "PackageVersion"; Value = "Rev. AM"; VariantName = "[No Variations]"
Add component (AddParameter): Name = "Packing"; Value = "Bulk Box"; VariantName = "[No Variations]"
Add component (AddParameter): Name = "PartNumber"; Value = "BC547B"; VariantName = "[No Variations]"
Add component (AddParameter): Name = "Polarity"; Value = "NPN"; VariantName = "[No Variations]"
Add component (AddParameter): Name = "RoHS"; Value = "FALSE"; VariantName = "[No Variations]"
Added Component: Designator=R1(RESA60-630X240)
Add component (AddParameter): Name = "Case\Package"; Value = "Axial"; VariantName = "[No Variations]"
Add component (AddParameter): Name = "ComponentLink1Description"; Value = "Manufacturer URL"; VariantName = "[No Variations]"
Add component (AddParameter): Name = "ComponentLink1URL"; Value = "http://www.yageo.com/"; VariantName = "[No Variations]"
Add component (AddParameter): Name = "ComponentLink2Description"; Value = "Datasheet"; VariantName = "[No Variations]"
Add component (AddParameter): Name = "ComponentLink2URL"; Value = "http://www.yageo.com/documents/recent/Yageo%20LR_MFR_2013.pdf"; VariantName = "[No Variations]"
Add component (AddParameter): Name = "DatasheetVersion"; Value = "Apr-13"; VariantName = "[No Variations]"
Add component (AddParameter): Name = "Length"; Value = "0.248 inch"; VariantName = "[No Variations]"
Add component (AddParameter): Name = "Max Operating Temperature"; Value = "155 degC"; VariantName = "[No Variations]"
Add component (AddParameter): Name = "Min Operating Temperature"; Value = "-55 degC"; VariantName = "[No Variations]"
Add component (AddParameter): Name = "Mount"; Value = "Through Hole"; VariantName = "[No Variations]"
Add component (AddParameter): Name = "Package Quantity"; Value = "200"; VariantName = "[No Variations]"
Add component (AddParameter): Name = "PackageDescription"; Value = "2-Pin Axial Lead, Dia 2.4 mm, Body Length 6.3 mm"; VariantName = "[No Variations]"
Add component (AddParameter): Name = "PackageReference"; Value = "MFR-25"; VariantName = "[No Variations]"
Add component (AddParameter): Name = "Packaging"; Value = "Bulk"; VariantName = "[No Variations]"
Add component (AddParameter): Name = "Power Rating"; Value = "250 mW"; VariantName = "[No Variations]"
Add component (AddParameter): Name = "Resistance"; Value = "475 Ohm"; VariantName = "[No Variations]"
Add component (AddParameter): Name = "RoHSCompliant"; Value = "true"; VariantName = "[No Variations]"
Add component (AddParameter): Name = "Tolerance"; Value = "1%"; VariantName = "[No Variations]"
Add component (AddParameter): Name = "Voltage Rating"; Value = "250 V"; VariantName = "[No Variations]"
Added Component: Designator=R2(RESA60-630X240)
Add component (AddParameter): Name = "Case\Package"; Value = "Axial"; VariantName = "[No Variations]"
Add component (AddParameter): Name = "ComponentLink1Description"; Value = "Manufacturer URL"; VariantName = "[No Variations]"
Add component (AddParameter): Name = "ComponentLink1URL"; Value = "http://www.yageo.com/"; VariantName = "[No Variations]"
Add component (AddParameter): Name = "ComponentLink2Description"; Value = "Datasheet"; VariantName = "[No Variations]"
Add component (AddParameter): Name = "ComponentLink2URL"; Value = "http://www.yageo.com/documents/recent/Yageo%20LR_MFR_2013.pdf"; VariantName = "[No Variations]"
Add component (AddParameter): Name = "DatasheetVersion"; Value = "Apr-13"; VariantName = "[No Variations]"
Add component (AddParameter): Name = "Length"; Value = "0.248 inch"; VariantName = "[No Variations]"
Add component (AddParameter): Name = "Max Operating Temperature"; Value = "155 degC"; VariantName = "[No Variations]"
Add component (AddParameter): Name = "Min Operating Temperature"; Value = "-55 degC"; VariantName = "[No Variations]"
Add component (AddParameter): Name = "Mount"; Value = "Through Hole"; VariantName = "[No Variations]"
Add component (AddParameter): Name = "Package Quantity"; Value = "200"; VariantName = "[No Variations]"
Add component (AddParameter): Name = "PackageDescription"; Value = "2-Pin Axial Lead, Dia 2.4 mm, Body Length 6.3 mm"; VariantName = "[No Variations]"
Add component (AddParameter): Name = "PackageReference"; Value = "MFR-25"; VariantName = "[No Variations]"
Add component (AddParameter): Name = "Packaging"; Value = "Bulk"; VariantName = "[No Variations]"
Add component (AddParameter): Name = "Power Rating"; Value = "250 mW"; VariantName = "[No Variations]"
Add component (AddParameter): Name = "Resistance"; Value = "475 Ohm"; VariantName = "[No Variations]"
Add component (AddParameter): Name = "RoHSCompliant"; Value = "true"; VariantName = "[No Variations]"
Add component (AddParameter): Name = "Tolerance"; Value = "1%"; VariantName = "[No Variations]"
Add component (AddParameter): Name = "Voltage Rating"; Value = "250 V"; VariantName = "[No Variations]"
Added Component: Designator=R3(RESA60-630X240)
Add component (AddParameter): Name = "Case\Package"; Value = "Axial"; VariantName = "[No Variations]"
Add component (AddParameter): Name = "ComponentLink1Description"; Value = "Manufacturer URL"; VariantName = "[No Variations]"
Add component (AddParameter): Name = "ComponentLink1URL"; Value = "http://www.yageo.com/"; VariantName = "[No Variations]"
Add component (AddParameter): Name = "ComponentLink2Description"; Value = "Datasheet"; VariantName = "[No Variations]"
Add component (AddParameter): Name = "ComponentLink2URL"; Value = "http://www.yageo.com/documents/recent/Yageo%20LR_MFR_2013.pdf"; VariantName = "[No Variations]"
Add component (AddParameter): Name = "DatasheetVersion"; Value = "Apr-13"; VariantName = "[No Variations]"
Add component (AddParameter): Name = "Length"; Value = "0.248 inch"; VariantName = "[No Variations]"
Add component (AddParameter): Name = "Max Operating Temperature"; Value = "155 degC"; VariantName = "[No Variations]"
Add component (AddParameter): Name = "Min Operating Temperature"; Value = "-55 degC"; VariantName = "[No Variations]"
Add component (AddParameter): Name = "Mount"; Value = "Through Hole"; VariantName = "[No Variations]"
Add component (AddParameter): Name = "Package Quantity"; Value = "200"; VariantName = "[No Variations]"
Add component (AddParameter): Name = "PackageDescription"; Value = "2-Pin Axial Lead, Dia 2.4 mm, Body Length 6.3 mm"; VariantName = "[No Variations]"
Add component (AddParameter): Name = "PackageReference"; Value = "MFR-25"; VariantName = "[No Variations]"
Add component (AddParameter): Name = "Packaging"; Value = "Bulk"; VariantName = "[No Variations]"
Add component (AddParameter): Name = "Power Rating"; Value = "250 mW"; VariantName = "[No Variations]"
Add component (AddParameter): Name = "Resistance"; Value = "475 Ohm"; VariantName = "[No Variations]"
Add component (AddParameter): Name = "RoHSCompliant"; Value = "true"; VariantName = "[No Variations]"
Add component (AddParameter): Name = "Tolerance"; Value = "1%"; VariantName = "[No Variations]"
Add component (AddParameter): Name = "Voltage Rating"; Value = "250 V"; VariantName = "[No Variations]"
Added Component: Designator=SW1(TECO-1825910-6_V)
Add component (AddParameter): Name = "Actuator Color"; Value = "Black"; VariantName = "[No Variations]"
Add component (AddParameter): Name = "Actuator Length"; Value = "1.4mm"; VariantName = "[No Variations]"
Add component (AddParameter): Name = "Actuator Material"; Value = "PolybutyleneTerephthalate"; VariantName = "[No Variations]"
Add component (AddParameter): Name = "Actuator Style"; Value = "RoundButton"; VariantName = "[No Variations]"
Add component (AddParameter): Name = "Base Material"; Value = "N/A"; VariantName = "[No Variations]"
Add component (AddParameter): Name = "Body Orientation"; Value = "Straight"; VariantName = "[No Variations]"
Add component (AddParameter): Name = "Bushing Type"; Value = "Unthreaded"; VariantName = "[No Variations]"
Add component (AddParameter): Name = "Contact Material"; Value = "CopperAlloy"; VariantName = "[No Variations]"
Add component (AddParameter): Name = "Contact Plating"; Value = "Silver"; VariantName = "[No Variations]"
Add component (AddParameter): Name = "Contact Rating @ Voltage"; Value = "0.05A@24VDC"; VariantName = "[No Variations]"
Add component (AddParameter): Name = "Datasheet URL"; Value = "http://www.te.com/commerce/DocumentDelivery/DDEController?Action=showdoc&DocId=Customer+Drawing%7F1825910%7FC9%7Fpdf%7FEnglish%7FENG_CD_1825910_C9.pdf%7F1825910-6"; VariantName = "[No Variations]"
Add component (AddParameter): Name = "Datasheet Version"; Value = "Rev. C9"; VariantName = "[No Variations]"
Add component (AddParameter): Name = "Dielectric Strength"; Value = "500VAC"; VariantName = "[No Variations]"
Add component (AddParameter): Name = "Dimension"; Value = "5.99x5mm"; VariantName = "[No Variations]"
Add component (AddParameter): Name = "Electrical Life"; Value = "100000Cycles"; VariantName = "[No Variations]"
Add component (AddParameter): Name = "Family"; Value = "1825910"; VariantName = "[No Variations]"
Add component (AddParameter): Name = "Function"; Value = "MomentaryContact"; VariantName = "[No Variations]"
Add component (AddParameter): Name = "Housing Material"; Value = "N/A"; VariantName = "[No Variations]"
Add component (AddParameter): Name = "Illumination"; Value = "N/R"; VariantName = "[No Variations]"
Add component (AddParameter): Name = "Manufacturer"; Value = "TE Connectivity"; VariantName = "[No Variations]"
Add component (AddParameter): Name = "Manufacturer URL"; Value = "http://www.te.com"; VariantName = "[No Variations]"
Add component (AddParameter): Name = "Maximum AC Voltage Rating"; Value = "N/A"; VariantName = "[No Variations]"
Add component (AddParameter): Name = "Maximum Contact Resistance"; Value = "100mOhm"; VariantName = "[No Variations]"
Add component (AddParameter): Name = "Maximum DC Voltage Rating"; Value = "24V"; VariantName = "[No Variations]"
Add component (AddParameter): Name = "Mechanical Life"; Value = "100000Cycles"; VariantName = "[No Variations]"
Add component (AddParameter): Name = "Minimum Insulation Resistance"; Value = "100MOhm"; VariantName = "[No Variations]"
Add component (AddParameter): Name = "Mounting"; Value = "ThroughHole"; VariantName = "[No Variations]"
Add component (AddParameter): Name = "Operating Temperature"; Value = "-35to85C"; VariantName = "[No Variations]"
Add component (AddParameter): Name = "Package Description"; Value = "4-Pin Through Hole Device, Body 5.99 x 5.99 mm, Pitch 6.5 mm"; VariantName = "[No Variations]"
Add component (AddParameter): Name = "Package Reference"; Value = "THD"; VariantName = "[No Variations]"
Add component (AddParameter): Name = "Packaging"; Value = "N/A"; VariantName = "[No Variations]"
Add component (AddParameter): Name = "Part No"; Value = "1825910-6"; VariantName = "[No Variations]"
Add component (AddParameter): Name = "Pole Throw Configuration"; Value = "SPST"; VariantName = "[No Variations]"
Add component (AddParameter): Name = "Product Weight"; Value = "N/A"; VariantName = "[No Variations]"
Add component (AddParameter): Name = "RoHS"; Value = "Yes"; VariantName = "[No Variations]"
Add component (AddParameter): Name = "Seal Description"; Value = "N/A"; VariantName = "[No Variations]"
Add component (AddParameter): Name = "Seal Location"; Value = "N/A"; VariantName = "[No Variations]"
Add component (AddParameter): Name = "Switch Configuration"; Value = "OFF(ON)"; VariantName = "[No Variations]"
Add component (AddParameter): Name = "Terminal Type"; Value = "PCPins"; VariantName = "[No Variations]"
Add component (AddParameter): Name = "Thread Size"; Value = "N/R"; VariantName = "[No Variations]"
Added Component: Designator=SW2(TECO-1825910-6_V)
Add component (AddParameter): Name = "Actuator Color"; Value = "Black"; VariantName = "[No Variations]"
Add component (AddParameter): Name = "Actuator Length"; Value = "1.4mm"; VariantName = "[No Variations]"
Add component (AddParameter): Name = "Actuator Material"; Value = "PolybutyleneTerephthalate"; VariantName = "[No Variations]"
Add component (AddParameter): Name = "Actuator Style"; Value = "RoundButton"; VariantName = "[No Variations]"
Add component (AddParameter): Name = "Base Material"; Value = "N/A"; VariantName = "[No Variations]"
Add component (AddParameter): Name = "Body Orientation"; Value = "Straight"; VariantName = "[No Variations]"
Add component (AddParameter): Name = "Bushing Type"; Value = "Unthreaded"; VariantName = "[No Variations]"
Add component (AddParameter): Name = "Contact Material"; Value = "CopperAlloy"; VariantName = "[No Variations]"
Add component (AddParameter): Name = "Contact Plating"; Value = "Silver"; VariantName = "[No Variations]"
Add component (AddParameter): Name = "Contact Rating @ Voltage"; Value = "0.05A@24VDC"; VariantName = "[No Variations]"
Add component (AddParameter): Name = "Datasheet URL"; Value = "http://www.te.com/commerce/DocumentDelivery/DDEController?Action=showdoc&DocId=Customer+Drawing%7F1825910%7FC9%7Fpdf%7FEnglish%7FENG_CD_1825910_C9.pdf%7F1825910-6"; VariantName = "[No Variations]"
Add component (AddParameter): Name = "Datasheet Version"; Value = "Rev. C9"; VariantName = "[No Variations]"
Add component (AddParameter): Name = "Dielectric Strength"; Value = "500VAC"; VariantName = "[No Variations]"
Add component (AddParameter): Name = "Dimension"; Value = "5.99x5mm"; VariantName = "[No Variations]"
Add component (AddParameter): Name = "Electrical Life"; Value = "100000Cycles"; VariantName = "[No Variations]"
Add component (AddParameter): Name = "Family"; Value = "1825910"; VariantName = "[No Variations]"
Add component (AddParameter): Name = "Function"; Value = "MomentaryContact"; VariantName = "[No Variations]"
Add component (AddParameter): Name = "Housing Material"; Value = "N/A"; VariantName = "[No Variations]"
Add component (AddParameter): Name = "Illumination"; Value = "N/R"; VariantName = "[No Variations]"
Add component (AddParameter): Name = "Manufacturer"; Value = "TE Connectivity"; VariantName = "[No Variations]"
Add component (AddParameter): Name = "Manufacturer URL"; Value = "http://www.te.com"; VariantName = "[No Variations]"
Add component (AddParameter): Name = "Maximum AC Voltage Rating"; Value = "N/A"; VariantName = "[No Variations]"
Add component (AddParameter): Name = "Maximum Contact Resistance"; Value = "100mOhm"; VariantName = "[No Variations]"
Add component (AddParameter): Name = "Maximum DC Voltage Rating"; Value = "24V"; VariantName = "[No Variations]"
Add component (AddParameter): Name = "Mechanical Life"; Value = "100000Cycles"; VariantName = "[No Variations]"
Add component (AddParameter): Name = "Minimum Insulation Resistance"; Value = "100MOhm"; VariantName = "[No Variations]"
Add component (AddParameter): Name = "Mounting"; Value = "ThroughHole"; VariantName = "[No Variations]"
Add component (AddParameter): Name = "Operating Temperature"; Value = "-35to85C"; VariantName = "[No Variations]"
Add component (AddParameter): Name = "Package Description"; Value = "4-Pin Through Hole Device, Body 5.99 x 5.99 mm, Pitch 6.5 mm"; VariantName = "[No Variations]"
Add component (AddParameter): Name = "Package Reference"; Value = "THD"; VariantName = "[No Variations]"
Add component (AddParameter): Name = "Packaging"; Value = "N/A"; VariantName = "[No Variations]"
Add component (AddParameter): Name = "Part No"; Value = "1825910-6"; VariantName = "[No Variations]"
Add component (AddParameter): Name = "Pole Throw Configuration"; Value = "SPST"; VariantName = "[No Variations]"
Add component (AddParameter): Name = "Product Weight"; Value = "N/A"; VariantName = "[No Variations]"
Add component (AddParameter): Name = "RoHS"; Value = "Yes"; VariantName = "[No Variations]"
Add component (AddParameter): Name = "Seal Description"; Value = "N/A"; VariantName = "[No Variations]"
Add component (AddParameter): Name = "Seal Location"; Value = "N/A"; VariantName = "[No Variations]"
Add component (AddParameter): Name = "Switch Configuration"; Value = "OFF(ON)"; VariantName = "[No Variations]"
Add component (AddParameter): Name = "Terminal Type"; Value = "PCPins"; VariantName = "[No Variations]"
Add component (AddParameter): Name = "Thread Size"; Value = "N/R"; VariantName = "[No Variations]"
Added Component: Designator=SW3(TECO-1825910-6_V)
Add component (AddParameter): Name = "Actuator Color"; Value = "Black"; VariantName = "[No Variations]"
Add component (AddParameter): Name = "Actuator Length"; Value = "1.4mm"; VariantName = "[No Variations]"
Add component (AddParameter): Name = "Actuator Material"; Value = "PolybutyleneTerephthalate"; VariantName = "[No Variations]"
Add component (AddParameter): Name = "Actuator Style"; Value = "RoundButton"; VariantName = "[No Variations]"
Add component (AddParameter): Name = "Base Material"; Value = "N/A"; VariantName = "[No Variations]"
Add component (AddParameter): Name = "Body Orientation"; Value = "Straight"; VariantName = "[No Variations]"
Add component (AddParameter): Name = "Bushing Type"; Value = "Unthreaded"; VariantName = "[No Variations]"
Add component (AddParameter): Name = "Contact Material"; Value = "CopperAlloy"; VariantName = "[No Variations]"
Add component (AddParameter): Name = "Contact Plating"; Value = "Silver"; VariantName = "[No Variations]"
Add component (AddParameter): Name = "Contact Rating @ Voltage"; Value = "0.05A@24VDC"; VariantName = "[No Variations]"
Add component (AddParameter): Name = "Datasheet URL"; Value = "http://www.te.com/commerce/DocumentDelivery/DDEController?Action=showdoc&DocId=Customer+Drawing%7F1825910%7FC9%7Fpdf%7FEnglish%7FENG_CD_1825910_C9.pdf%7F1825910-6"; VariantName = "[No Variations]"
Add component (AddParameter): Name = "Datasheet Version"; Value = "Rev. C9"; VariantName = "[No Variations]"
Add component (AddParameter): Name = "Dielectric Strength"; Value = "500VAC"; VariantName = "[No Variations]"
Add component (AddParameter): Name = "Dimension"; Value = "5.99x5mm"; VariantName = "[No Variations]"
Add component (AddParameter): Name = "Electrical Life"; Value = "100000Cycles"; VariantName = "[No Variations]"
Add component (AddParameter): Name = "Family"; Value = "1825910"; VariantName = "[No Variations]"
Add component (AddParameter): Name = "Function"; Value = "MomentaryContact"; VariantName = "[No Variations]"
Add component (AddParameter): Name = "Housing Material"; Value = "N/A"; VariantName = "[No Variations]"
Add component (AddParameter): Name = "Illumination"; Value = "N/R"; VariantName = "[No Variations]"
Add component (AddParameter): Name = "Manufacturer"; Value = "TE Connectivity"; VariantName = "[No Variations]"
Add component (AddParameter): Name = "Manufacturer URL"; Value = "http://www.te.com"; VariantName = "[No Variations]"
Add component (AddParameter): Name = "Maximum AC Voltage Rating"; Value = "N/A"; VariantName = "[No Variations]"
Add component (AddParameter): Name = "Maximum Contact Resistance"; Value = "100mOhm"; VariantName = "[No Variations]"
Add component (AddParameter): Name = "Maximum DC Voltage Rating"; Value = "24V"; VariantName = "[No Variations]"
Add component (AddParameter): Name = "Mechanical Life"; Value = "100000Cycles"; VariantName = "[No Variations]"
Add component (AddParameter): Name = "Minimum Insulation Resistance"; Value = "100MOhm"; VariantName = "[No Variations]"
Add component (AddParameter): Name = "Mounting"; Value = "ThroughHole"; VariantName = "[No Variations]"
Add component (AddParameter): Name = "Operating Temperature"; Value = "-35to85C"; VariantName = "[No Variations]"
Add component (AddParameter): Name = "Package Description"; Value = "4-Pin Through Hole Device, Body 5.99 x 5.99 mm, Pitch 6.5 mm"; VariantName = "[No Variations]"
Add component (AddParameter): Name = "Package Reference"; Value = "THD"; VariantName = "[No Variations]"
Add component (AddParameter): Name = "Packaging"; Value = "N/A"; VariantName = "[No Variations]"
Add component (AddParameter): Name = "Part No"; Value = "1825910-6"; VariantName = "[No Variations]"
Add component (AddParameter): Name = "Pole Throw Configuration"; Value = "SPST"; VariantName = "[No Variations]"
Add component (AddParameter): Name = "Product Weight"; Value = "N/A"; VariantName = "[No Variations]"
Add component (AddParameter): Name = "RoHS"; Value = "Yes"; VariantName = "[No Variations]"
Add component (AddParameter): Name = "Seal Description"; Value = "N/A"; VariantName = "[No Variations]"
Add component (AddParameter): Name = "Seal Location"; Value = "N/A"; VariantName = "[No Variations]"
Add component (AddParameter): Name = "Switch Configuration"; Value = "OFF(ON)"; VariantName = "[No Variations]"
Add component (AddParameter): Name = "Terminal Type"; Value = "PCPins"; VariantName = "[No Variations]"
Add component (AddParameter): Name = "Thread Size"; Value = "N/R"; VariantName = "[No Variations]"
Added Component: Designator=SW4(TECO-1825910-6_V)
Add component (AddParameter): Name = "Actuator Color"; Value = "Black"; VariantName = "[No Variations]"
Add component (AddParameter): Name = "Actuator Length"; Value = "1.4mm"; VariantName = "[No Variations]"
Add component (AddParameter): Name = "Actuator Material"; Value = "PolybutyleneTerephthalate"; VariantName = "[No Variations]"
Add component (AddParameter): Name = "Actuator Style"; Value = "RoundButton"; VariantName = "[No Variations]"
Add component (AddParameter): Name = "Base Material"; Value = "N/A"; VariantName = "[No Variations]"
Add component (AddParameter): Name = "Body Orientation"; Value = "Straight"; VariantName = "[No Variations]"
Add component (AddParameter): Name = "Bushing Type"; Value = "Unthreaded"; VariantName = "[No Variations]"
Add component (AddParameter): Name = "Contact Material"; Value = "CopperAlloy"; VariantName = "[No Variations]"
Add component (AddParameter): Name = "Contact Plating"; Value = "Silver"; VariantName = "[No Variations]"
Add component (AddParameter): Name = "Contact Rating @ Voltage"; Value = "0.05A@24VDC"; VariantName = "[No Variations]"
Add component (AddParameter): Name = "Datasheet URL"; Value = "http://www.te.com/commerce/DocumentDelivery/DDEController?Action=showdoc&DocId=Customer+Drawing%7F1825910%7FC9%7Fpdf%7FEnglish%7FENG_CD_1825910_C9.pdf%7F1825910-6"; VariantName = "[No Variations]"
Add component (AddParameter): Name = "Datasheet Version"; Value = "Rev. C9"; VariantName = "[No Variations]"
Add component (AddParameter): Name = "Dielectric Strength"; Value = "500VAC"; VariantName = "[No Variations]"
Add component (AddParameter): Name = "Dimension"; Value = "5.99x5mm"; VariantName = "[No Variations]"
Add component (AddParameter): Name = "Electrical Life"; Value = "100000Cycles"; VariantName = "[No Variations]"
Add component (AddParameter): Name = "Family"; Value = "1825910"; VariantName = "[No Variations]"
Add component (AddParameter): Name = "Function"; Value = "MomentaryContact"; VariantName = "[No Variations]"
Add component (AddParameter): Name = "Housing Material"; Value = "N/A"; VariantName = "[No Variations]"
Add component (AddParameter): Name = "Illumination"; Value = "N/R"; VariantName = "[No Variations]"
Add component (AddParameter): Name = "Manufacturer"; Value = "TE Connectivity"; VariantName = "[No Variations]"
Add component (AddParameter): Name = "Manufacturer URL"; Value = "http://www.te.com"; VariantName = "[No Variations]"
Add component (AddParameter): Name = "Maximum AC Voltage Rating"; Value = "N/A"; VariantName = "[No Variations]"
Add component (AddParameter): Name = "Maximum Contact Resistance"; Value = "100mOhm"; VariantName = "[No Variations]"
Add component (AddParameter): Name = "Maximum DC Voltage Rating"; Value = "24V"; VariantName = "[No Variations]"
Add component (AddParameter): Name = "Mechanical Life"; Value = "100000Cycles"; VariantName = "[No Variations]"
Add component (AddParameter): Name = "Minimum Insulation Resistance"; Value = "100MOhm"; VariantName = "[No Variations]"
Add component (AddParameter): Name = "Mounting"; Value = "ThroughHole"; VariantName = "[No Variations]"
Add component (AddParameter): Name = "Operating Temperature"; Value = "-35to85C"; VariantName = "[No Variations]"
Add component (AddParameter): Name = "Package Description"; Value = "4-Pin Through Hole Device, Body 5.99 x 5.99 mm, Pitch 6.5 mm"; VariantName = "[No Variations]"
Add component (AddParameter): Name = "Package Reference"; Value = "THD"; VariantName = "[No Variations]"
Add component (AddParameter): Name = "Packaging"; Value = "N/A"; VariantName = "[No Variations]"
Add component (AddParameter): Name = "Part No"; Value = "1825910-6"; VariantName = "[No Variations]"
Add component (AddParameter): Name = "Pole Throw Configuration"; Value = "SPST"; VariantName = "[No Variations]"
Add component (AddParameter): Name = "Product Weight"; Value = "N/A"; VariantName = "[No Variations]"
Add component (AddParameter): Name = "RoHS"; Value = "Yes"; VariantName = "[No Variations]"
Add component (AddParameter): Name = "Seal Description"; Value = "N/A"; VariantName = "[No Variations]"
Add component (AddParameter): Name = "Seal Location"; Value = "N/A"; VariantName = "[No Variations]"
Add component (AddParameter): Name = "Switch Configuration"; Value = "OFF(ON)"; VariantName = "[No Variations]"
Add component (AddParameter): Name = "Terminal Type"; Value = "PCPins"; VariantName = "[No Variations]"
Add component (AddParameter): Name = "Thread Size"; Value = "N/R"; VariantName = "[No Variations]"
Added Component: Designator=SW5(TECO-1825910-6_V)
Add component (AddParameter): Name = "Actuator Color"; Value = "Black"; VariantName = "[No Variations]"
Add component (AddParameter): Name = "Actuator Length"; Value = "1.4mm"; VariantName = "[No Variations]"
Add component (AddParameter): Name = "Actuator Material"; Value = "PolybutyleneTerephthalate"; VariantName = "[No Variations]"
Add component (AddParameter): Name = "Actuator Style"; Value = "RoundButton"; VariantName = "[No Variations]"
Add component (AddParameter): Name = "Base Material"; Value = "N/A"; VariantName = "[No Variations]"
Add component (AddParameter): Name = "Body Orientation"; Value = "Straight"; VariantName = "[No Variations]"
Add component (AddParameter): Name = "Bushing Type"; Value = "Unthreaded"; VariantName = "[No Variations]"
Add component (AddParameter): Name = "Contact Material"; Value = "CopperAlloy"; VariantName = "[No Variations]"
Add component (AddParameter): Name = "Contact Plating"; Value = "Silver"; VariantName = "[No Variations]"
Add component (AddParameter): Name = "Contact Rating @ Voltage"; Value = "0.05A@24VDC"; VariantName = "[No Variations]"
Add component (AddParameter): Name = "Datasheet URL"; Value = "http://www.te.com/commerce/DocumentDelivery/DDEController?Action=showdoc&DocId=Customer+Drawing%7F1825910%7FC9%7Fpdf%7FEnglish%7FENG_CD_1825910_C9.pdf%7F1825910-6"; VariantName = "[No Variations]"
Add component (AddParameter): Name = "Datasheet Version"; Value = "Rev. C9"; VariantName = "[No Variations]"
Add component (AddParameter): Name = "Dielectric Strength"; Value = "500VAC"; VariantName = "[No Variations]"
Add component (AddParameter): Name = "Dimension"; Value = "5.99x5mm"; VariantName = "[No Variations]"
Add component (AddParameter): Name = "Electrical Life"; Value = "100000Cycles"; VariantName = "[No Variations]"
Add component (AddParameter): Name = "Family"; Value = "1825910"; VariantName = "[No Variations]"
Add component (AddParameter): Name = "Function"; Value = "MomentaryContact"; VariantName = "[No Variations]"
Add component (AddParameter): Name = "Housing Material"; Value = "N/A"; VariantName = "[No Variations]"
Add component (AddParameter): Name = "Illumination"; Value = "N/R"; VariantName = "[No Variations]"
Add component (AddParameter): Name = "Manufacturer"; Value = "TE Connectivity"; VariantName = "[No Variations]"
Add component (AddParameter): Name = "Manufacturer URL"; Value = "http://www.te.com"; VariantName = "[No Variations]"
Add component (AddParameter): Name = "Maximum AC Voltage Rating"; Value = "N/A"; VariantName = "[No Variations]"
Add component (AddParameter): Name = "Maximum Contact Resistance"; Value = "100mOhm"; VariantName = "[No Variations]"
Add component (AddParameter): Name = "Maximum DC Voltage Rating"; Value = "24V"; VariantName = "[No Variations]"
Add component (AddParameter): Name = "Mechanical Life"; Value = "100000Cycles"; VariantName = "[No Variations]"
Add component (AddParameter): Name = "Minimum Insulation Resistance"; Value = "100MOhm"; VariantName = "[No Variations]"
Add component (AddParameter): Name = "Mounting"; Value = "ThroughHole"; VariantName = "[No Variations]"
Add component (AddParameter): Name = "Operating Temperature"; Value = "-35to85C"; VariantName = "[No Variations]"
Add component (AddParameter): Name = "Package Description"; Value = "4-Pin Through Hole Device, Body 5.99 x 5.99 mm, Pitch 6.5 mm"; VariantName = "[No Variations]"
Add component (AddParameter): Name = "Package Reference"; Value = "THD"; VariantName = "[No Variations]"
Add component (AddParameter): Name = "Packaging"; Value = "N/A"; VariantName = "[No Variations]"
Add component (AddParameter): Name = "Part No"; Value = "1825910-6"; VariantName = "[No Variations]"
Add component (AddParameter): Name = "Pole Throw Configuration"; Value = "SPST"; VariantName = "[No Variations]"
Add component (AddParameter): Name = "Product Weight"; Value = "N/A"; VariantName = "[No Variations]"
Add component (AddParameter): Name = "RoHS"; Value = "Yes"; VariantName = "[No Variations]"
Add component (AddParameter): Name = "Seal Description"; Value = "N/A"; VariantName = "[No Variations]"
Add component (AddParameter): Name = "Seal Location"; Value = "N/A"; VariantName = "[No Variations]"
Add component (AddParameter): Name = "Switch Configuration"; Value = "OFF(ON)"; VariantName = "[No Variations]"
Add component (AddParameter): Name = "Terminal Type"; Value = "PCPins"; VariantName = "[No Variations]"
Add component (AddParameter): Name = "Thread Size"; Value = "N/R"; VariantName = "[No Variations]"
Added Component: Designator=U1(ONSC-TO-220-3-221AB-01)
Add component (AddParameter): Name = "Current, Output, Maximum"; Value = "1A"; VariantName = "[No Variations]"
Add component (AddParameter): Name = "Current, Quiescent Supply"; Value = "6.5mA"; VariantName = "[No Variations]"
Add component (AddParameter): Name = "Current, Supply"; Value = "3.2mA"; VariantName = "[No Variations]"
Add component (AddParameter): Name = "Datasheet URL"; Value = "http://www.onsemi.com/pub_link/Collateral/MC7800-D.PDF"; VariantName = "[No Variations]"
Add component (AddParameter): Name = "Datasheet Version"; Value = "Rev. 27, 11/2014"; VariantName = "[No Variations]"
Add component (AddParameter): Name = "Dimensions"; Value = "10.28x4.82x15.75mm"; VariantName = "[No Variations]"
Add component (AddParameter): Name = "Dropout Voltage"; Value = "2V"; VariantName = "[No Variations]"
Add component (AddParameter): Name = "Dropout Voltage Measurement Current"; Value = "1A"; VariantName = "[No Variations]"
Add component (AddParameter): Name = "Height"; Value = "15.75mm"; VariantName = "[No Variations]"
Add component (AddParameter): Name = "Length"; Value = "10.28mm"; VariantName = "[No Variations]"
Add component (AddParameter): Name = "Line Regulation"; Value = "20mV"; VariantName = "[No Variations]"
Add component (AddParameter): Name = "Load Regulation"; Value = "25mV"; VariantName = "[No Variations]"
Add component (AddParameter): Name = "Manufacturer"; Value = "ON Semiconductor"; VariantName = "[No Variations]"
Add component (AddParameter): Name = "Manufacturer URL"; Value = "http://www.onsemi.com/"; VariantName = "[No Variations]"
Add component (AddParameter): Name = "Mounting Type"; Value = "ThroughHole"; VariantName = "[No Variations]"
Add component (AddParameter): Name = "Number of Outputs"; Value = "1"; VariantName = "[No Variations]"
Add component (AddParameter): Name = "Number of Pins"; Value = "3"; VariantName = "[No Variations]"
Add component (AddParameter): Name = "Output Type"; Value = "Fixed"; VariantName = "[No Variations]"
Add component (AddParameter): Name = "Package Description"; Value = "3-Pin Flange Mount, Vertical Straight Lead, Body 9.97 x 4.445 mm, Pitch 2.54 mm"; VariantName = "[No Variations]"
Add component (AddParameter): Name = "Package Reference"; Value = "TO-220-3-221AB-01"; VariantName = "[No Variations]"
Add component (AddParameter): Name = "Package Type"; Value = "TO-220"; VariantName = "[No Variations]"
Add component (AddParameter): Name = "Package Version"; Value = "Rev. A, 11/2010"; VariantName = "[No Variations]"
Add component (AddParameter): Name = "Polarity"; Value = "Positive"; VariantName = "[No Variations]"
Add component (AddParameter): Name = "Regulation, Line"; Value = "0.5mV"; VariantName = "[No Variations]"
Add component (AddParameter): Name = "Regulation, Load"; Value = "1.3mV"; VariantName = "[No Variations]"
Add component (AddParameter): Name = "Regulator Function"; Value = "Standard"; VariantName = "[No Variations]"
Add component (AddParameter): Name = "Regulator Type"; Value = "PositiveVoltageOut"; VariantName = "[No Variations]"
Add component (AddParameter): Name = "Resistance, Thermal, Junction to Case"; Value = "5degC/W"; VariantName = "[No Variations]"
Add component (AddParameter): Name = "Temperature, Operating, Maximum"; Value = "+125degC"; VariantName = "[No Variations]"
Add component (AddParameter): Name = "Temperature, Operating, Minimum"; Value = "0degC"; VariantName = "[No Variations]"
Add component (AddParameter): Name = "Temperature, Operating, Range"; Value = "0to+125degC"; VariantName = "[No Variations]"
Add component (AddParameter): Name = "Type"; Value = "VoltageRegulator"; VariantName = "[No Variations]"
Add component (AddParameter): Name = "Voltage, Dropout"; Value = "2V"; VariantName = "[No Variations]"
Add component (AddParameter): Name = "Voltage, Input Range"; Value = "Maximumof35V"; VariantName = "[No Variations]"
Add component (AddParameter): Name = "Voltage, Input, High Level"; Value = "35V"; VariantName = "[No Variations]"
Add component (AddParameter): Name = "Voltage, Noise"; Value = "10µV/V"; VariantName = "[No Variations]"
Add component (AddParameter): Name = "Voltage, Output"; Value = "5V"; VariantName = "[No Variations]"
Add component (AddParameter): Name = "Voltage, Supply"; Value = "35V"; VariantName = "[No Variations]"
Add component (AddParameter): Name = "Width"; Value = "4.82mm"; VariantName = "[No Variations]"
Added Component: Designator=U2(28P3)
Add component (AddParameter): Name = "ComponentLink1Description"; Value = "Manufacturer URL"; VariantName = "[No Variations]"
Add component (AddParameter): Name = "ComponentLink1URL"; Value = "http://www.atmel.com/"; VariantName = "[No Variations]"
Add component (AddParameter): Name = "ComponentLink2Description"; Value = "ATmega48A/48PA/88A/88PA/168A/168PA/328/328P Datasheet"; VariantName = "[No Variations]"
Add component (AddParameter): Name = "ComponentLink2URL"; Value = "http://www.atmel.com/dyn/resources/prod_documents/8271.pdf"; VariantName = "[No Variations]"
Add component (AddParameter): Name = "ComponentLink3Description"; Value = "ATmega48A/48PA/88A/88PA/168A/168PA/328/328P Summary"; VariantName = "[No Variations]"
Add component (AddParameter): Name = "ComponentLink3URL"; Value = "http://www.atmel.com/dyn/resources/prod_documents/8271S.pdf"; VariantName = "[No Variations]"
Add component (AddParameter): Name = "DatasheetVersion"; Value = "revD, May-2011"; VariantName = "[No Variations]"
Add component (AddParameter): Name = "PackageDescription"; Value = "28-lead (0.300"/7.62mm Wide) Plastic Dual Inline Package (PDIP)"; VariantName = "[No Variations]"
Add component (AddParameter): Name = "PackageReference"; Value = "28P3"; VariantName = "[No Variations]"
Add component (AddParameter): Name = "PackageVersion"; Value = "revB, Sep-2001"; VariantName = "[No Variations]"
Add component (AddParameter): Name = "RevisionNote"; Value = "DatasheetVersion updated. URLs added."; VariantName = "[No Variations]"
Added Component: Designator=VR1(VerRes)
Add component (AddParameter): Name = "Value"; Value = ""; VariantName = "[No Variations]"
Added Component: Designator=Y1(FOX-FOXSLF080-20)
Add component (AddParameter): Name = "Case/Package"; Value = "FOXSLF080-20"; VariantName = "[No Variations]"
Add component (AddParameter): Name = "Datasheet URL"; Value = "http://download.siliconexpert.com/pdfs/2015/4/5/6/5/7/200/fox_/manual/35607121449963728hc49slf.pdf"; VariantName = "[No Variations]"
Add component (AddParameter): Name = "Datasheet Version"; Value = "Mar-15"; VariantName = "[No Variations]"
Add component (AddParameter): Name = "ESR"; Value = "80"; VariantName = "[No Variations]"
Add component (AddParameter): Name = "Frequency"; Value = "8MHz"; VariantName = "[No Variations]"
Add component (AddParameter): Name = "Frequency Tolerance"; Value = "30ppm"; VariantName = "[No Variations]"
Add component (AddParameter): Name = "Load Capacitance"; Value = "20pF"; VariantName = "[No Variations]"
Add component (AddParameter): Name = "Manufacturer"; Value = "FOX Electronics"; VariantName = "[No Variations]"
Add component (AddParameter): Name = "Manufacturer URL"; Value = "http://www.foxonline.com/"; VariantName = "[No Variations]"
Add component (AddParameter): Name = "Max Operating Temperature"; Value = "70°C"; VariantName = "[No Variations]"
Add component (AddParameter): Name = "Min Operating Temperature"; Value = "-20°C"; VariantName = "[No Variations]"
Add component (AddParameter): Name = "Mounting Technology"; Value = "TH"; VariantName = "[No Variations]"
Add component (AddParameter): Name = "Package Description"; Value = "2-Pin Through Hole Device, Body 11.35 x 4.65 mm"; VariantName = "[No Variations]"
Add component (AddParameter): Name = "Package Quantity"; Value = "100"; VariantName = "[No Variations]"
Add component (AddParameter): Name = "Package Reference"; Value = "FOXSLF080-20"; VariantName = "[No Variations]"
Add component (AddParameter): Name = "Packaging"; Value = "Bulk"; VariantName = "[No Variations]"
Add component (AddParameter): Name = "Pins"; Value = "2"; VariantName = "[No Variations]"
Add component (AddParameter): Name = "Resistance"; Value = "80Ohm"; VariantName = "[No Variations]"
Add component (AddParameter): Name = "RoHS Compliant"; Value = "True"; VariantName = "[No Variations]"
Add component (AddParameter): Name = "Tolerance"; Value = "50ppm"; VariantName = "[No Variations]"
Added Pin To Net: NetName=+5 Pin=5-2
Added Pin To Net: NetName=+5 Pin=6-2
Added Pin To Net: NetName=+5 Pin=7-2
Added Pin To Net: NetName=+5 Pin=C3-1
Added Pin To Net: NetName=+5 Pin=D1-1
Added Pin To Net: NetName=+5 Pin=J3-7
Added Pin To Net: NetName=+5 Pin=J5-1
Added Pin To Net: NetName=+5 Pin=J5-2
Added Pin To Net: NetName=+5 Pin=J5-3
Added Pin To Net: NetName=+5 Pin=R1-1
Added Pin To Net: NetName=+5 Pin=U1-3
Added Pin To Net: NetName=+5 Pin=U2-7
Added Pin To Net: NetName=+5 Pin=U2-20
Added Net: Name=+5
Added Pin To Net: NetName=Buzzer- Pin=D1-2
Added Pin To Net: NetName=Buzzer- Pin=J5-5
Added Pin To Net: NetName=Buzzer- Pin=Q2-1
Added Net: Name=Buzzer-
Added Pin To Net: NetName=Cswt- Pin=2-2
Added Pin To Net: NetName=Cswt- Pin=J5-4
Added Net: Name=Cswt-
Added Pin To Net: NetName=GND Pin=2-1
Added Pin To Net: NetName=GND Pin=9-2
Added Pin To Net: NetName=GND Pin=10-1
Added Pin To Net: NetName=GND Pin=12-2
Added Pin To Net: NetName=GND Pin=C1-2
Added Pin To Net: NetName=GND Pin=C3-2
Added Pin To Net: NetName=GND Pin=C4-2
Added Pin To Net: NetName=GND Pin=DS1-2
Added Pin To Net: NetName=GND Pin=J1-2
Added Pin To Net: NetName=GND Pin=J3-8
Added Pin To Net: NetName=GND Pin=J4-8
Added Pin To Net: NetName=GND Pin=J5-7
Added Pin To Net: NetName=GND Pin=J5-8
Added Pin To Net: NetName=GND Pin=P1-5
Added Pin To Net: NetName=GND Pin=P1-6
Added Pin To Net: NetName=GND Pin=Q1-3
Added Pin To Net: NetName=GND Pin=Q2-3
Added Pin To Net: NetName=GND Pin=SW1-1
Added Pin To Net: NetName=GND Pin=SW1-2
Added Pin To Net: NetName=GND Pin=SW2-3
Added Pin To Net: NetName=GND Pin=SW2-4
Added Pin To Net: NetName=GND Pin=SW3-3
Added Pin To Net: NetName=GND Pin=SW3-4
Added Pin To Net: NetName=GND Pin=SW4-3
Added Pin To Net: NetName=GND Pin=SW4-4
Added Pin To Net: NetName=GND Pin=SW5-3
Added Pin To Net: NetName=GND Pin=SW5-4
Added Pin To Net: NetName=GND Pin=U1-2
Added Pin To Net: NetName=GND Pin=U2-8
Added Pin To Net: NetName=GND Pin=U2-22
Added Net: Name=GND
Added Pin To Net: NetName=Load- Pin=J5-6
Added Pin To Net: NetName=Load- Pin=Q1-2
Added Net: Name=Load-
Added Pin To Net: NetName=Net9_1 Pin=9-1
Added Pin To Net: NetName=Net9_1 Pin=U2-9
Added Pin To Net: NetName=Net9_1 Pin=Y1-2
Added Net: Name=Net9_1
Added Pin To Net: NetName=Net11_2 Pin=11-2
Added Pin To Net: NetName=Net11_2 Pin=Q2-2
Added Net: Name=Net11_2
Added Pin To Net: NetName=Net12_1 Pin=12-1
Added Pin To Net: NetName=Net12_1 Pin=U2-10
Added Pin To Net: NetName=Net12_1 Pin=Y1-1
Added Net: Name=Net12_1
Added Pin To Net: NetName=NetC1_1 Pin=C1-1
Added Pin To Net: NetName=NetC1_1 Pin=J1-1
Added Pin To Net: NetName=NetC1_1 Pin=U1-1
Added Net: Name=NetC1_1
Added Pin To Net: NetName=NetDS1_1 Pin=DS1-1
Added Pin To Net: NetName=NetDS1_1 Pin=R1-2
Added Net: Name=NetDS1_1
Added Pin To Net: NetName=NetJ2_6 Pin=J2-6
Added Pin To Net: NetName=NetJ2_6 Pin=R2-1
Added Net: Name=NetJ2_6
Added Pin To Net: NetName=NetJ2_7 Pin=J2-7
Added Pin To Net: NetName=NetJ2_7 Pin=R3-1
Added Net: Name=NetJ2_7
Added Pin To Net: NetName=NetQ1_1 Pin=Q1-1
Added Pin To Net: NetName=NetQ1_1 Pin=VR1-2
Added Pin To Net: NetName=NetQ1_1 Pin=VR1-3
Added Net: Name=NetQ1_1
Added Pin To Net: NetName=PB0 Pin=J3-1
Added Pin To Net: NetName=PB0 Pin=U2-14
Added Net: Name=PB0
Added Pin To Net: NetName=PB1 Pin=J3-2
Added Pin To Net: NetName=PB1 Pin=U2-15
Added Net: Name=PB1
Added Pin To Net: NetName=PB2 Pin=10-2
Added Pin To Net: NetName=PB2 Pin=11-1
Added Pin To Net: NetName=PB2 Pin=J3-3
Added Pin To Net: NetName=PB2 Pin=U2-16
Added Pin To Net: NetName=PB2 Pin=VR1-1
Added Net: Name=PB2
Added Pin To Net: NetName=PB3 Pin=J3-4
Added Pin To Net: NetName=PB3 Pin=U2-17
Added Net: Name=PB3
Added Pin To Net: NetName=PB4 Pin=J3-5
Added Pin To Net: NetName=PB4 Pin=U2-18
Added Net: Name=PB4
Added Pin To Net: NetName=PB5 Pin=J3-6
Added Pin To Net: NetName=PB5 Pin=U2-19
Added Net: Name=PB5
Added Pin To Net: NetName=PC0 Pin=J4-1
Added Pin To Net: NetName=PC0 Pin=U2-23
Added Net: Name=PC0
Added Pin To Net: NetName=PC1 Pin=J4-2
Added Pin To Net: NetName=PC1 Pin=U2-24
Added Net: Name=PC1
Added Pin To Net: NetName=PC2 Pin=J4-3
Added Pin To Net: NetName=PC2 Pin=U2-25
Added Net: Name=PC2
Added Pin To Net: NetName=PC3 Pin=J4-4
Added Pin To Net: NetName=PC3 Pin=U2-26
Added Net: Name=PC3
Added Pin To Net: NetName=PC4 Pin=5-1
Added Pin To Net: NetName=PC4 Pin=J4-5
Added Pin To Net: NetName=PC4 Pin=U2-27
Added Net: Name=PC4
Added Pin To Net: NetName=PC5 Pin=6-1
Added Pin To Net: NetName=PC5 Pin=J4-6
Added Pin To Net: NetName=PC5 Pin=U2-28
Added Net: Name=PC5
Added Pin To Net: NetName=PC6 Pin=7-1
Added Pin To Net: NetName=PC6 Pin=C4-1
Added Pin To Net: NetName=PC6 Pin=J4-7
Added Pin To Net: NetName=PC6 Pin=SW1-3
Added Pin To Net: NetName=PC6 Pin=SW1-4
Added Pin To Net: NetName=PC6 Pin=U2-1
Added Net: Name=PC6
Added Pin To Net: NetName=PD0 Pin=J2-1
Added Pin To Net: NetName=PD0 Pin=U2-2
Added Net: Name=PD0
Added Pin To Net: NetName=PD1 Pin=J2-2
Added Pin To Net: NetName=PD1 Pin=U2-3
Added Net: Name=PD1
Added Pin To Net: NetName=PD2 Pin=J2-3
Added Pin To Net: NetName=PD2 Pin=U2-4
Added Net: Name=PD2
Added Pin To Net: NetName=PD3 Pin=J2-4
Added Pin To Net: NetName=PD3 Pin=U2-5
Added Net: Name=PD3
Added Pin To Net: NetName=PD4 Pin=J2-5
Added Pin To Net: NetName=PD4 Pin=U2-6
Added Net: Name=PD4
Added Pin To Net: NetName=PD5 Pin=R2-2
Added Pin To Net: NetName=PD5 Pin=U2-11
Added Net: Name=PD5
Added Pin To Net: NetName=PD6 Pin=R3-2
Added Pin To Net: NetName=PD6 Pin=U2-12
Added Net: Name=PD6
Added Pin To Net: NetName=PD7 Pin=J2-8
Added Pin To Net: NetName=PD7 Pin=U2-13
Added Net: Name=PD7
Added Pin To Net: NetName=SW1 Pin=P1-1
Added Pin To Net: NetName=SW1 Pin=SW2-1
Added Pin To Net: NetName=SW1 Pin=SW2-2
Added Net: Name=SW1
Added Pin To Net: NetName=SW2 Pin=P1-2
Added Pin To Net: NetName=SW2 Pin=SW3-1
Added Pin To Net: NetName=SW2 Pin=SW3-2
Added Net: Name=SW2
Added Pin To Net: NetName=SW3 Pin=P1-3
Added Pin To Net: NetName=SW3 Pin=SW4-1
Added Pin To Net: NetName=SW3 Pin=SW4-2
Added Net: Name=SW3
Added Pin To Net: NetName=SW4 Pin=P1-4
Added Pin To Net: NetName=SW4 Pin=SW5-1
Added Pin To Net: NetName=SW4 Pin=SW5-2
Added Net: Name=SW4
Added Class: Name=Buttons_Sheet
Added Class: Name=UV_Sheet1
Added Room: Name=Buttons_Sheet
Added Room: Name=UV_Sheet1
