Removed Pin From Net: NetName=BTN4 Pin=P2-1
Removed Pin From Net: NetName=BTN3 Pin=P2-2
Removed Pin From Net: NetName=BTN2 Pin=P2-3
Removed Pin From Net: NetName=BTN1 Pin=P2-4
Removed Pin From Net: NetName=+5 Pin=P3-4
Removed Pin From Net: NetName=GND Pin=P5-1
Removed Pin From Net: NetName=Load- Pin=P5-2
Removed Pin From Net: NetName=NetP3_3 Pin=R2-1
Change Component Footprint: Designator=P2 Old Footprint=HDR1X4 New Footprint=HDR1X6
Change Component Comment : Designator=P2 Old Comment=Header 4 New Comment=Header 6
Added Pin To Net: NetName=GND Pin=P2-1
Added Pin To Net: NetName=GND Pin=P2-2
Added Pin To Net: NetName=BTN4 Pin=P2-3
Added Pin To Net: NetName=BTN3 Pin=P2-4
Added Pin To Net: NetName=BTN2 Pin=P2-5
Added Pin To Net: NetName=BTN1 Pin=P2-6
Added Pin To Net: NetName=GND Pin=P3-2
Added Pin To Net: NetName=Load- Pin=P5-1
Added Pin To Net: NetName=NetC1_1 Pin=P5-2
Added Pin To Net: NetName=NetP3_3 Pin=R3-1
Change Net Name : Old Net Name=NetC1_1 New Net Name=Load+
Added Pin To Net: NetName=NetP3_4 Pin=P3-4
Added Pin To Net: NetName=NetP3_4 Pin=R2-1
Added Net: Name=NetP3_4
Added Room: Name=UV_Sheet1
