Added Component: Designator=C1(RB7.6-15)
Add component (AddParameter): Name = "LatestRevisionDate"; Value = "17-Jul-2002"; VariantName = "[No Variations]"
Add component (AddParameter): Name = "LatestRevisionNote"; Value = "Re-released for DXP Platform."; VariantName = "[No Variations]"
Add component (AddParameter): Name = "PackageDescription"; Value = "Polarized Capacitor (Radial); 2 Leads"; VariantName = "[No Variations]"
Add component (AddParameter): Name = "PackageReference"; Value = "RB7.6-15"; VariantName = "[No Variations]"
Add component (AddParameter): Name = "Published"; Value = "8-Jun-2000"; VariantName = "[No Variations]"
Add component (AddParameter): Name = "Publisher"; Value = "Altium Limited"; VariantName = "[No Variations]"
Add component (AddParameter): Name = "Value"; Value = "100pF"; VariantName = "[No Variations]"
Added Component: Designator=C2(RB7.6-15)
Add component (AddParameter): Name = "LatestRevisionDate"; Value = "17-Jul-2002"; VariantName = "[No Variations]"
Add component (AddParameter): Name = "LatestRevisionNote"; Value = "Re-released for DXP Platform."; VariantName = "[No Variations]"
Add component (AddParameter): Name = "PackageDescription"; Value = "Polarized Capacitor (Radial); 2 Leads"; VariantName = "[No Variations]"
Add component (AddParameter): Name = "PackageReference"; Value = "RB7.6-15"; VariantName = "[No Variations]"
Add component (AddParameter): Name = "Published"; Value = "8-Jun-2000"; VariantName = "[No Variations]"
Add component (AddParameter): Name = "Publisher"; Value = "Altium Limited"; VariantName = "[No Variations]"
Add component (AddParameter): Name = "Value"; Value = "100pF"; VariantName = "[No Variations]"
Added Component: Designator=C3(RB7.6-15)
Add component (AddParameter): Name = "LatestRevisionDate"; Value = "17-Jul-2002"; VariantName = "[No Variations]"
Add component (AddParameter): Name = "LatestRevisionNote"; Value = "Re-released for DXP Platform."; VariantName = "[No Variations]"
Add component (AddParameter): Name = "PackageDescription"; Value = "Polarized Capacitor (Radial); 2 Leads"; VariantName = "[No Variations]"
Add component (AddParameter): Name = "PackageReference"; Value = "RB7.6-15"; VariantName = "[No Variations]"
Add component (AddParameter): Name = "Published"; Value = "8-Jun-2000"; VariantName = "[No Variations]"
Add component (AddParameter): Name = "Publisher"; Value = "Altium Limited"; VariantName = "[No Variations]"
Add component (AddParameter): Name = "Value"; Value = "100pF"; VariantName = "[No Variations]"
Added Component: Designator=C4(RB7.6-15)
Add component (AddParameter): Name = "LatestRevisionDate"; Value = "17-Jul-2002"; VariantName = "[No Variations]"
Add component (AddParameter): Name = "LatestRevisionNote"; Value = "Re-released for DXP Platform."; VariantName = "[No Variations]"
Add component (AddParameter): Name = "PackageDescription"; Value = "Polarized Capacitor (Radial); 2 Leads"; VariantName = "[No Variations]"
Add component (AddParameter): Name = "PackageReference"; Value = "RB7.6-15"; VariantName = "[No Variations]"
Add component (AddParameter): Name = "Published"; Value = "8-Jun-2000"; VariantName = "[No Variations]"
Add component (AddParameter): Name = "Publisher"; Value = "Altium Limited"; VariantName = "[No Variations]"
Add component (AddParameter): Name = "Value"; Value = "100pF"; VariantName = "[No Variations]"
Added Pin To Net: NetName=GND Pin=C1-2
Added Pin To Net: NetName=GND Pin=C2-2
Added Pin To Net: NetName=+5 Pin=C3-1
Added Pin To Net: NetName=GND Pin=C3-2
Added Pin To Net: NetName=PC6 Pin=C4-1
Added Pin To Net: NetName=GND Pin=C4-2
Added Pin To Net: NetName=NetC1_1 Pin=C1-1
Added Pin To Net: NetName=NetC1_1 Pin=C2-1
Added Pin To Net: NetName=NetC1_1 Pin=J1-1
Added Pin To Net: NetName=NetC1_1 Pin=U1-1
Added Net: Name=NetC1_1
Added Member To Class: ClassName=UV_Sheet1 Member=Component 2 MFR-25FBF52-100K
Added Member To Class: ClassName=UV_Sheet1 Member=Component 5 MFR-25FBF52-100K
Added Member To Class: ClassName=UV_Sheet1 Member=Component 6 MFR-25FBF52-100K
Added Member To Class: ClassName=UV_Sheet1 Member=Component 7 MFR-25FBF52-100K
Added Member To Class: ClassName=UV_Sheet1 Member=Component 9 C315C220K1G5TA
Added Member To Class: ClassName=UV_Sheet1 Member=Component 10 MFR-25FBF52-100K
Added Member To Class: ClassName=UV_Sheet1 Member=Component 11 MFR-25FBF52-100K
Added Member To Class: ClassName=UV_Sheet1 Member=Component 12 C315C220K1G5TA
Added Member To Class: ClassName=UV_Sheet1 Member=Component C1 Cap Pol1
Added Member To Class: ClassName=UV_Sheet1 Member=Component C2 Cap Pol1
Added Member To Class: ClassName=UV_Sheet1 Member=Component C3 Cap Pol1
Added Member To Class: ClassName=UV_Sheet1 Member=Component C4 Cap Pol1
Added Member To Class: ClassName=UV_Sheet1 Member=Component D1 1N4001
Added Member To Class: ClassName=UV_Sheet1 Member=Component DS1 HLMP-4740
Added Member To Class: ClassName=UV_Sheet1 Member=Component J1 B2B-PH-K-S(LF)(SN)
Added Member To Class: ClassName=UV_Sheet1 Member=Component J2 S8B-PH-K-S(LF)(SN)
Added Member To Class: ClassName=UV_Sheet1 Member=Component J3 S8B-PH-K-S(LF)(SN)
Added Member To Class: ClassName=UV_Sheet1 Member=Component J4 S8B-PH-K-S(LF)(SN)
Added Member To Class: ClassName=UV_Sheet1 Member=Component J5 S8B-PH-K-S(LF)(SN)
Added Member To Class: ClassName=UV_Sheet1 Member=Component Q1 IRF530PBF
Added Member To Class: ClassName=UV_Sheet1 Member=Component Q2 BC547B
Added Member To Class: ClassName=UV_Sheet1 Member=Component R1 MFR-25FBF52-100K
Added Member To Class: ClassName=UV_Sheet1 Member=Component R2 MFR-25FBF52-100K
Added Member To Class: ClassName=UV_Sheet1 Member=Component R3 MFR-25FBF52-100K
Added Member To Class: ClassName=UV_Sheet1 Member=Component SW1 1825910-6
Added Member To Class: ClassName=UV_Sheet1 Member=Component U1 MC7805CTG
Added Member To Class: ClassName=UV_Sheet1 Member=Component U2 ATmega328-PU
Added Member To Class: ClassName=UV_Sheet1 Member=Component VR1 VRes
Added Member To Class: ClassName=UV_Sheet1 Member=Component Y1 FOXSLF/080-20
